2023-06-06 14:52:26,767 - freqtrade.loggers - INFO - Verbosity set to 0
2023-06-06 14:52:26,778 - freqtrade.configuration.configuration - INFO - Runmode set to dry_run.
2023-06-06 14:52:26,790 - freqtrade.configuration.configuration - INFO - Parameter --db-url detected ...
2023-06-06 14:52:26,801 - freqtrade.configuration.configuration - INFO - Dry run is enabled
2023-06-06 14:52:26,812 - freqtrade.configuration.configuration - INFO - Using DB: "sqlite:////freqtrade/user_data/tradesv3clutchstrategy.sqlite"
2023-06-06 14:52:26,822 - freqtrade.configuration.configuration - INFO - Using max_open_trades: 5 ...
2023-06-06 14:52:27,360 - freqtrade.configuration.configuration - INFO - Using user-data directory: /freqtrade/user_data ...
2023-06-06 14:52:27,368 - freqtrade.configuration.directory_operations - INFO - Created data directory: None
2023-06-06 14:52:27,370 - freqtrade.configuration.configuration - INFO - Using data directory: /freqtrade/user_data/data/binance ...
2023-06-06 14:52:27,374 - freqtrade.exchange.check_exchange - INFO - Checking exchange...
2023-06-06 14:52:27,386 - freqtrade.exchange.check_exchange - INFO - Exchange "binance" is officially supported by the Freqtrade development team.
2023-06-06 14:52:27,388 - freqtrade.configuration.configuration - INFO - Using pairlist from configuration.
2023-06-06 14:52:27,516 - freqtrade.resolvers.iresolver - INFO - Using resolved strategy clutch from '/freqtrade/user_data/strategies/clutch.py'...
2023-06-06 14:52:27,520 - freqtrade.strategy.hyper - INFO - Found no parameter file.
2023-06-06 14:52:27,523 - freqtrade.resolvers.strategy_resolver - INFO - Override strategy 'stake_currency' with value in config file: USDT.
2023-06-06 14:52:27,525 - freqtrade.resolvers.strategy_resolver - INFO - Override strategy 'stake_amount' with value in config file: unlimited.
2023-06-06 14:52:27,528 - freqtrade.resolvers.strategy_resolver - INFO - Override strategy 'unfilledtimeout' with value in config file: {'entry': 10, 'exit': 10, 'exit_timeout_count': 0, 'unit': 'minutes'}.
2023-06-06 14:52:27,531 - freqtrade.resolvers.strategy_resolver - INFO - Override strategy 'max_open_trades' with value in config file: 5.
2023-06-06 14:52:27,534 - freqtrade.resolvers.strategy_resolver - INFO - Strategy using minimal_roi: {'0': 0.064, '33': 0.05, '86': 0.021, '187': 0}
2023-06-06 14:52:27,536 - freqtrade.resolvers.strategy_resolver - INFO - Strategy using timeframe: 5m
2023-06-06 14:52:27,539 - freqtrade.resolvers.strategy_resolver - INFO - Strategy using stoploss: -0.314
2023-06-06 14:52:27,542 - freqtrade.resolvers.strategy_resolver - INFO - Strategy using trailing_stop: False
2023-06-06 14:52:27,544 - freqtrade.resolvers.strategy_resolver - INFO - Strategy using trailing_stop_positive_offset: 0.0
2023-06-06 14:52:27,547 - freqtrade.resolvers.strategy_resolver - INFO - Strategy using trailing_only_offset_is_reached: False
2023-06-06 14:52:27,550 - freqtrade.resolvers.strategy_resolver - INFO - Strategy using use_custom_stoploss: False
2023-06-06 14:52:27,552 - freqtrade.resolvers.strategy_resolver - INFO - Strategy using process_only_new_candles: True
2023-06-06 14:52:27,555 - freqtrade.resolvers.strategy_resolver - INFO - Strategy using order_types: {'entry': 'limit', 'exit': 'limit', 'stoploss': 'limit', 'stoploss_on_exchange': False, 'stoploss_on_exchange_interval': 60}
2023-06-06 14:52:27,558 - freqtrade.resolvers.strategy_resolver - INFO - Strategy using order_time_in_force: {'entry': 'GTC', 'exit': 'GTC'}
2023-06-06 14:52:27,560 - freqtrade.resolvers.strategy_resolver - INFO - Strategy using stake_currency: USDT
2023-06-06 14:52:27,563 - freqtrade.resolvers.strategy_resolver - INFO - Strategy using stake_amount: unlimited
2023-06-06 14:52:27,566 - freqtrade.resolvers.strategy_resolver - INFO - Strategy using protections: []
2023-06-06 14:52:27,572 - freqtrade.resolvers.strategy_resolver - INFO - Strategy using startup_candle_count: 0
2023-06-06 14:52:27,575 - freqtrade.resolvers.strategy_resolver - INFO - Strategy using unfilledtimeout: {'entry': 10, 'exit': 10, 'exit_timeout_count': 0, 'unit': 'minutes'}
2023-06-06 14:52:27,577 - freqtrade.resolvers.strategy_resolver - INFO - Strategy using use_exit_signal: True
2023-06-06 14:52:27,580 - freqtrade.resolvers.strategy_resolver - INFO - Strategy using exit_profit_only: False
2023-06-06 14:52:27,582 - freqtrade.resolvers.strategy_resolver - INFO - Strategy using ignore_roi_if_entry_signal: False
2023-06-06 14:52:27,585 - freqtrade.resolvers.strategy_resolver - INFO - Strategy using exit_profit_offset: 0.0
2023-06-06 14:52:27,588 - freqtrade.resolvers.strategy_resolver - INFO - Strategy using disable_dataframe_checks: False
2023-06-06 14:52:27,591 - freqtrade.resolvers.strategy_resolver - INFO - Strategy using ignore_buying_expired_candle_after: 0
2023-06-06 14:52:27,594 - freqtrade.resolvers.strategy_resolver - INFO - Strategy using position_adjustment_enable: False
2023-06-06 14:52:27,597 - freqtrade.resolvers.strategy_resolver - INFO - Strategy using max_entry_position_adjustment: -1
2023-06-06 14:52:27,600 - freqtrade.resolvers.strategy_resolver - INFO - Strategy using max_open_trades: 5
2023-06-06 14:52:27,603 - freqtrade.configuration.config_validation - INFO - Validating configuration ...
2023-06-06 14:52:27,618 - freqtrade.exchange.exchange - INFO - Instance is running with dry_run enabled
2023-06-06 14:52:27,621 - freqtrade.exchange.exchange - INFO - Using CCXT 3.1.5
2023-06-06 14:52:27,650 - freqtrade.exchange.exchange - INFO - Using Exchange "Binance"
2023-06-06 14:52:36,100 - freqtrade.resolvers.exchange_resolver - INFO - Using resolved exchange 'Binance'...
2023-06-06 14:52:36,942 - freqtrade.wallets - INFO - Wallets synced.
2023-06-06 14:52:36,957 - freqtrade.resolvers.iresolver - INFO - Using resolved pairlist VolumePairList from '/freqtrade/freqtrade/plugins/pairlist/VolumePairList.py'...
2023-06-06 14:52:36,966 - freqtrade.resolvers.iresolver - INFO - Using resolved pairlist AgeFilter from '/freqtrade/freqtrade/plugins/pairlist/AgeFilter.py'...
2023-06-06 14:52:37,355 - freqtrade.rpc.rpc_manager - INFO - Enabling rpc.telegram ...
2023-06-06 14:52:38,500 - freqtrade.resolvers.iresolver - INFO - Using resolved pairlist VolumePairList from '/freqtrade/freqtrade/plugins/pairlist/VolumePairList.py'...
2023-06-06 14:52:38,537 - freqtrade.resolvers.iresolver - INFO - Using resolved pairlist AgeFilter from '/freqtrade/freqtrade/plugins/pairlist/AgeFilter.py'...
2023-06-06 14:52:38,555 - freqtrade.rpc.telegram - INFO - rpc.telegram is listening for following commands: [['status'], ['profit'], ['balance'], ['start'], ['stop'], ['forceexit', 'forcesell', 'fx'], ['forcebuy', 'forcelong'], ['forceshort'], ['reload_trade'], ['trades'], ['delete'], ['cancel_open_order', 'coo'], ['performance'], ['buys', 'entries'], ['exits', 'sells'], ['mix_tags'], ['stats'], ['daily'], ['weekly'], ['monthly'], ['count'], ['locks'], ['delete_locks', 'unlock'], ['reload_conf', 'reload_config'], ['show_conf', 'show_config'], ['stopbuy', 'stopentry'], ['whitelist'], ['blacklist'], ['bl_delete', 'blacklist_delete'], ['logs'], ['edge'], ['health'], ['help'], ['version'], ['marketdir']]
2023-06-06 14:52:39,825 - VolumePairList - INFO - Pair TUSD/USDT in your blacklist. Removing it from whitelist...
2023-06-06 14:52:39,829 - VolumePairList - INFO - Pair USDC/USDT in your blacklist. Removing it from whitelist...
2023-06-06 14:52:39,838 - VolumePairList - INFO - Pair BUSD/USDT in your blacklist. Removing it from whitelist...
2023-06-06 14:52:39,854 - VolumePairList - INFO - Pair USDP/USDT in your blacklist. Removing it from whitelist...
2023-06-06 14:52:40,796 - httpx - INFO - HTTP Request: POST https://api.telegram.org/bot6298282206:AAF10zQKZDYBygGcJ39yjRtsy-jDdYulYYo/getMe "HTTP/1.1 200 OK"
2023-06-06 14:52:40,805 - telegram.ext.Application - INFO - Application started
2023-06-06 14:52:40,990 - httpx - INFO - HTTP Request: POST https://api.telegram.org/bot6298282206:AAF10zQKZDYBygGcJ39yjRtsy-jDdYulYYo/deleteWebhook "HTTP/1.1 200 OK"
2023-06-06 14:52:43,051 - AgeFilter - INFO - Removed ARB/USDT from whitelist, because age 75 is less than 120 days
2023-06-06 14:52:43,054 - AgeFilter - INFO - Removed SUI/USDT from whitelist, because age 34 is less than 120 days
2023-06-06 14:52:43,056 - AgeFilter - INFO - Removed PEPE/USDT from whitelist, because age 32 is less than 120 days
2023-06-06 14:52:43,060 - AgeFilter - INFO - Removed EDU/USDT from whitelist, because age 39 is less than 120 days
2023-06-06 14:52:43,062 - AgeFilter - INFO - Removed ID/USDT from whitelist, because age 76 is less than 120 days
2023-06-06 14:52:43,065 - AgeFilter - INFO - Validated 25 pairs.
2023-06-06 14:52:43,092 - freqtrade.plugins.pairlistmanager - INFO - Whitelist with 25 pairs: ['BTC/USDT', 'ETH/USDT', 'BNB/USDT', 'XRP/USDT', 'SOL/USDT', 'LTC/USDT', 'DOGE/USDT', 'RNDR/USDT', 'OP/USDT', 'MTL/USDT', 'MATIC/USDT', 'DYDX/USDT', 'SAND/USDT', 'ADA/USDT', 'CFX/USDT', 'APT/USDT', 'EUR/USDT', 'APE/USDT', 'AVAX/USDT', 'LINA/USDT', 'FIL/USDT', 'FTM/USDT', 'LINK/USDT', 'GALA/USDT', 'LDO/USDT']
2023-06-06 14:52:43,095 - freqtrade.strategy.hyper - INFO - No params for buy found, using default values.
2023-06-06 14:52:43,098 - freqtrade.strategy.hyper - INFO - No params for sell found, using default values.
2023-06-06 14:52:43,100 - freqtrade.strategy.hyper - INFO - No params for protection found, using default values.
2023-06-06 14:52:43,103 - freqtrade.plugins.protectionmanager - INFO - No protection Handlers defined.
2023-06-06 14:52:43,106 - freqtrade.rpc.rpc_manager - INFO - Sending rpc message: {'type': status, 'status': 'running'}
2023-06-06 14:52:43,109 - freqtrade.worker - INFO - Changing state to: RUNNING
2023-06-06 14:52:43,174 - freqtrade.rpc.rpc_manager - INFO - Sending rpc message: {'type': warning, 'status': 'Dry run is enabled. All trades are simulated.'}
2023-06-06 14:52:43,177 - freqtrade.rpc.rpc_manager - INFO - Sending rpc message: {'type': startup, 'status': "*Exchange:* `binance`\n*Stake per trade:* `unlimited USDT`\n*Minimum ROI:* `{'0': 0.064, '33': 0.05, '86': 0.021, '187': 0}`\n*Stoploss:* `-0.314`\n*Position adjustment:* `Off`\n*Timeframe:* `5m`\n*Strategy:* `clutch`"}
2023-06-06 14:52:43,183 - freqtrade.rpc.rpc_manager - INFO - Sending rpc message: {'type': startup, 'status': "Searching for USDT pairs to buy and sell based on [{'VolumePairList': 'VolumePairList - top 30 volume pairs.'}, {'AgeFilter': 'AgeFilter - Filtering pairs with age less than 120 days'}]"}
2023-06-06 14:52:43,411 - httpx - INFO - HTTP Request: POST https://api.telegram.org/bot6298282206:AAF10zQKZDYBygGcJ39yjRtsy-jDdYulYYo/sendMessage "HTTP/1.1 400 Bad Request"
2023-06-06 14:52:43,419 - freqtrade.rpc.telegram - WARNING - Telegram NetworkError: Chat not found! Trying one more time.
2023-06-06 14:52:43,759 - httpx - INFO - HTTP Request: POST https://api.telegram.org/bot6298282206:AAF10zQKZDYBygGcJ39yjRtsy-jDdYulYYo/sendMessage "HTTP/1.1 400 Bad Request"
2023-06-06 14:52:43,774 - freqtrade.rpc.telegram - WARNING - TelegramError: Chat not found! Giving up on that message.
2023-06-06 14:52:44,079 - httpx - INFO - HTTP Request: POST https://api.telegram.org/bot6298282206:AAF10zQKZDYBygGcJ39yjRtsy-jDdYulYYo/sendMessage "HTTP/1.1 400 Bad Request"
2023-06-06 14:52:44,085 - freqtrade.rpc.telegram - WARNING - Telegram NetworkError: Chat not found! Trying one more time.
2023-06-06 14:52:44,093 - httpx - INFO - HTTP Request: POST https://api.telegram.org/bot6298282206:AAF10zQKZDYBygGcJ39yjRtsy-jDdYulYYo/sendMessage "HTTP/1.1 400 Bad Request"
2023-06-06 14:52:44,099 - httpx - INFO - HTTP Request: POST https://api.telegram.org/bot6298282206:AAF10zQKZDYBygGcJ39yjRtsy-jDdYulYYo/sendMessage "HTTP/1.1 400 Bad Request"
2023-06-06 14:52:44,125 - freqtrade.rpc.telegram - WARNING - Telegram NetworkError: Chat not found! Trying one more time.
2023-06-06 14:52:44,129 - freqtrade.rpc.telegram - WARNING - Telegram NetworkError: Chat not found! Trying one more time.
2023-06-06 14:52:44,430 - httpx - INFO - HTTP Request: POST https://api.telegram.org/bot6298282206:AAF10zQKZDYBygGcJ39yjRtsy-jDdYulYYo/sendMessage "HTTP/1.1 400 Bad Request"
2023-06-06 14:52:44,442 - httpx - INFO - HTTP Request: POST https://api.telegram.org/bot6298282206:AAF10zQKZDYBygGcJ39yjRtsy-jDdYulYYo/sendMessage "HTTP/1.1 400 Bad Request"
2023-06-06 14:52:44,453 - httpx - INFO - HTTP Request: POST https://api.telegram.org/bot6298282206:AAF10zQKZDYBygGcJ39yjRtsy-jDdYulYYo/sendMessage "HTTP/1.1 400 Bad Request"
2023-06-06 14:52:44,462 - freqtrade.rpc.telegram - WARNING - TelegramError: Chat not found! Giving up on that message.
2023-06-06 14:52:44,487 - freqtrade.rpc.telegram - WARNING - TelegramError: Chat not found! Giving up on that message.
2023-06-06 14:52:44,510 - freqtrade.rpc.telegram - WARNING - TelegramError: Chat not found! Giving up on that message.
2023-06-06 14:52:51,155 - freqtrade.worker - INFO - Bot heartbeat. PID=1, version='2023.5', state='RUNNING'
2023-06-06 14:53:01,576 - httpx - INFO - HTTP Request: POST https://api.telegram.org/bot6298282206:AAF10zQKZDYBygGcJ39yjRtsy-jDdYulYYo/getUpdates "HTTP/1.1 200 OK"
2023-06-06 14:53:21,781 - httpx - INFO - HTTP Request: POST https://api.telegram.org/bot6298282206:AAF10zQKZDYBygGcJ39yjRtsy-jDdYulYYo/getUpdates "HTTP/1.1 200 OK"
2023-06-06 14:53:41,976 - httpx - INFO - HTTP Request: POST https://api.telegram.org/bot6298282206:AAF10zQKZDYBygGcJ39yjRtsy-jDdYulYYo/getUpdates "HTTP/1.1 200 OK"
2023-06-06 14:53:52,272 - freqtrade.worker - INFO - Bot heartbeat. PID=1, version='2023.5', state='RUNNING'
2023-06-06 14:54:02,205 - httpx - INFO - HTTP Request: POST https://api.telegram.org/bot6298282206:AAF10zQKZDYBygGcJ39yjRtsy-jDdYulYYo/getUpdates "HTTP/1.1 200 OK"
2023-06-06 14:54:22,479 - httpx - INFO - HTTP Request: POST https://api.telegram.org/bot6298282206:AAF10zQKZDYBygGcJ39yjRtsy-jDdYulYYo/getUpdates "HTTP/1.1 200 OK"
2023-06-06 14:54:42,756 - httpx - INFO - HTTP Request: POST https://api.telegram.org/bot6298282206:AAF10zQKZDYBygGcJ39yjRtsy-jDdYulYYo/getUpdates "HTTP/1.1 200 OK"
2023-06-06 14:54:56,202 - freqtrade.worker - INFO - Bot heartbeat. PID=1, version='2023.5', state='RUNNING'
2023-06-06 14:55:02,965 - httpx - INFO - HTTP Request: POST https://api.telegram.org/bot6298282206:AAF10zQKZDYBygGcJ39yjRtsy-jDdYulYYo/getUpdates "HTTP/1.1 200 OK"
2023-06-06 14:55:23,176 - httpx - INFO - HTTP Request: POST https://api.telegram.org/bot6298282206:AAF10zQKZDYBygGcJ39yjRtsy-jDdYulYYo/getUpdates "HTTP/1.1 200 OK"
2023-06-06 14:55:43,368 - httpx - INFO - HTTP Request: POST https://api.telegram.org/bot6298282206:AAF10zQKZDYBygGcJ39yjRtsy-jDdYulYYo/getUpdates "HTTP/1.1 200 OK"
2023-06-06 14:55:58,401 - freqtrade.worker - INFO - Bot heartbeat. PID=1, version='2023.5', state='RUNNING'
2023-06-06 14:56:03,594 - httpx - INFO - HTTP Request: POST https://api.telegram.org/bot6298282206:AAF10zQKZDYBygGcJ39yjRtsy-jDdYulYYo/getUpdates "HTTP/1.1 200 OK"
2023-06-06 14:56:24,652 - httpx - INFO - HTTP Request: POST https://api.telegram.org/bot6298282206:AAF10zQKZDYBygGcJ39yjRtsy-jDdYulYYo/getUpdates "HTTP/1.1 200 OK"
2023-06-06 14:56:44,852 - httpx - INFO - HTTP Request: POST https://api.telegram.org/bot6298282206:AAF10zQKZDYBygGcJ39yjRtsy-jDdYulYYo/getUpdates "HTTP/1.1 200 OK"
2023-06-06 14:57:00,968 - freqtrade.worker - INFO - Bot heartbeat. PID=1, version='2023.5', state='RUNNING'
2023-06-06 14:57:05,043 - httpx - INFO - HTTP Request: POST https://api.telegram.org/bot6298282206:AAF10zQKZDYBygGcJ39yjRtsy-jDdYulYYo/getUpdates "HTTP/1.1 200 OK"
2023-06-06 14:57:25,225 - httpx - INFO - HTTP Request: POST https://api.telegram.org/bot6298282206:AAF10zQKZDYBygGcJ39yjRtsy-jDdYulYYo/getUpdates "HTTP/1.1 200 OK"
2023-06-06 14:57:45,417 - httpx - INFO - HTTP Request: POST https://api.telegram.org/bot6298282206:AAF10zQKZDYBygGcJ39yjRtsy-jDdYulYYo/getUpdates "HTTP/1.1 200 OK"
2023-06-06 14:58:01,680 - freqtrade.worker - INFO - Bot heartbeat. PID=1, version='2023.5', state='RUNNING'
2023-06-06 14:58:05,616 - httpx - INFO - HTTP Request: POST https://api.telegram.org/bot6298282206:AAF10zQKZDYBygGcJ39yjRtsy-jDdYulYYo/getUpdates "HTTP/1.1 200 OK"
2023-06-06 14:58:25,809 - httpx - INFO - HTTP Request: POST https://api.telegram.org/bot6298282206:AAF10zQKZDYBygGcJ39yjRtsy-jDdYulYYo/getUpdates "HTTP/1.1 200 OK"
2023-06-06 14:58:46,016 - httpx - INFO - HTTP Request: POST https://api.telegram.org/bot6298282206:AAF10zQKZDYBygGcJ39yjRtsy-jDdYulYYo/getUpdates "HTTP/1.1 200 OK"
2023-06-06 14:59:02,075 - freqtrade.worker - INFO - Bot heartbeat. PID=1, version='2023.5', state='RUNNING'
2023-06-06 14:59:06,219 - httpx - INFO - HTTP Request: POST https://api.telegram.org/bot6298282206:AAF10zQKZDYBygGcJ39yjRtsy-jDdYulYYo/getUpdates "HTTP/1.1 200 OK"
2023-06-06 14:59:26,415 - httpx - INFO - HTTP Request: POST https://api.telegram.org/bot6298282206:AAF10zQKZDYBygGcJ39yjRtsy-jDdYulYYo/getUpdates "HTTP/1.1 200 OK"
2023-06-06 14:59:35,226 - freqtrade.commands.trade_commands - INFO - SIGINT received, aborting ...
2023-06-06 14:59:35,253 - freqtrade.commands.trade_commands - INFO - worker found ... calling exit
2023-06-06 14:59:35,274 - freqtrade.rpc.rpc_manager - INFO - Sending rpc message: {'type': status, 'status': 'process died'}
2023-06-06 14:59:35,285 - freqtrade.freqtradebot - INFO - Cleaning up modules ...
2023-06-06 14:59:35,302 - freqtrade.rpc.rpc_manager - INFO - Cleaning up rpc modules ...
2023-06-06 14:59:35,314 - freqtrade.rpc.rpc_manager - INFO - Cleaning up rpc.telegram ...
2023-06-06 14:59:35,323 - telegram.ext.Application - INFO - Application is stopping. This might take a moment.
2023-06-06 14:59:35,326 - telegram.ext.Application - INFO - Application.stop() complete
2023-06-06 15:00:12,186 - freqtrade.loggers - INFO - Verbosity set to 0
2023-06-06 15:00:12,188 - freqtrade.configuration.configuration - INFO - Runmode set to dry_run.
2023-06-06 15:00:12,190 - freqtrade.configuration.configuration - INFO - Parameter --db-url detected ...
2023-06-06 15:00:12,191 - freqtrade.configuration.configuration - INFO - Dry run is enabled
2023-06-06 15:00:12,193 - freqtrade.configuration.configuration - INFO - Using DB: "sqlite:////freqtrade/user_data/tradesv3clutchstrategy.sqlite"
2023-06-06 15:00:12,194 - freqtrade.configuration.configuration - INFO - Using max_open_trades: 5 ...
2023-06-06 15:00:12,328 - freqtrade.configuration.configuration - INFO - Using user-data directory: /freqtrade/user_data ...
2023-06-06 15:00:12,333 - freqtrade.configuration.configuration - INFO - Using data directory: /freqtrade/user_data/data/binance ...
2023-06-06 15:00:12,336 - freqtrade.exchange.check_exchange - INFO - Checking exchange...
2023-06-06 15:00:12,351 - freqtrade.exchange.check_exchange - INFO - Exchange "binance" is officially supported by the Freqtrade development team.
2023-06-06 15:00:12,353 - freqtrade.configuration.configuration - INFO - Using pairlist from configuration.
2023-06-06 15:00:12,425 - freqtrade.resolvers.iresolver - INFO - Using resolved strategy clutch from '/freqtrade/user_data/strategies/clutch.py'...
2023-06-06 15:00:12,429 - freqtrade.strategy.hyper - INFO - Found no parameter file.
2023-06-06 15:00:12,431 - freqtrade.resolvers.strategy_resolver - INFO - Override strategy 'stake_currency' with value in config file: USDT.
2023-06-06 15:00:12,433 - freqtrade.resolvers.strategy_resolver - INFO - Override strategy 'stake_amount' with value in config file: unlimited.
2023-06-06 15:00:12,435 - freqtrade.resolvers.strategy_resolver - INFO - Override strategy 'unfilledtimeout' with value in config file: {'entry': 10, 'exit': 10, 'exit_timeout_count': 0, 'unit': 'minutes'}.
2023-06-06 15:00:12,437 - freqtrade.resolvers.strategy_resolver - INFO - Override strategy 'max_open_trades' with value in config file: 5.
2023-06-06 15:00:12,439 - freqtrade.resolvers.strategy_resolver - INFO - Strategy using minimal_roi: {'0': 0.064, '33': 0.05, '86': 0.021, '187': 0}
2023-06-06 15:00:12,441 - freqtrade.resolvers.strategy_resolver - INFO - Strategy using timeframe: 5m
2023-06-06 15:00:12,443 - freqtrade.resolvers.strategy_resolver - INFO - Strategy using stoploss: -0.314
2023-06-06 15:00:12,444 - freqtrade.resolvers.strategy_resolver - INFO - Strategy using trailing_stop: False
2023-06-06 15:00:12,446 - freqtrade.resolvers.strategy_resolver - INFO - Strategy using trailing_stop_positive_offset: 0.0
2023-06-06 15:00:12,448 - freqtrade.resolvers.strategy_resolver - INFO - Strategy using trailing_only_offset_is_reached: False
2023-06-06 15:00:12,450 - freqtrade.resolvers.strategy_resolver - INFO - Strategy using use_custom_stoploss: False
2023-06-06 15:00:12,453 - freqtrade.resolvers.strategy_resolver - INFO - Strategy using process_only_new_candles: True
2023-06-06 15:00:12,455 - freqtrade.resolvers.strategy_resolver - INFO - Strategy using order_types: {'entry': 'limit', 'exit': 'limit', 'stoploss': 'limit', 'stoploss_on_exchange': False, 'stoploss_on_exchange_interval': 60}
2023-06-06 15:00:12,456 - freqtrade.resolvers.strategy_resolver - INFO - Strategy using order_time_in_force: {'entry': 'GTC', 'exit': 'GTC'}
2023-06-06 15:00:12,458 - freqtrade.resolvers.strategy_resolver - INFO - Strategy using stake_currency: USDT
2023-06-06 15:00:12,460 - freqtrade.resolvers.strategy_resolver - INFO - Strategy using stake_amount: unlimited
2023-06-06 15:00:12,461 - freqtrade.resolvers.strategy_resolver - INFO - Strategy using protections: []
2023-06-06 15:00:12,463 - freqtrade.resolvers.strategy_resolver - INFO - Strategy using startup_candle_count: 0
2023-06-06 15:00:12,464 - freqtrade.resolvers.strategy_resolver - INFO - Strategy using unfilledtimeout: {'entry': 10, 'exit': 10, 'exit_timeout_count': 0, 'unit': 'minutes'}
2023-06-06 15:00:12,466 - freqtrade.resolvers.strategy_resolver - INFO - Strategy using use_exit_signal: True
2023-06-06 15:00:12,467 - freqtrade.resolvers.strategy_resolver - INFO - Strategy using exit_profit_only: False
2023-06-06 15:00:12,469 - freqtrade.resolvers.strategy_resolver - INFO - Strategy using ignore_roi_if_entry_signal: False
2023-06-06 15:00:12,470 - freqtrade.resolvers.strategy_resolver - INFO - Strategy using exit_profit_offset: 0.0
2023-06-06 15:00:12,472 - freqtrade.resolvers.strategy_resolver - INFO - Strategy using disable_dataframe_checks: False
2023-06-06 15:00:12,473 - freqtrade.resolvers.strategy_resolver - INFO - Strategy using ignore_buying_expired_candle_after: 0
2023-06-06 15:00:12,475 - freqtrade.resolvers.strategy_resolver - INFO - Strategy using position_adjustment_enable: False
2023-06-06 15:00:12,476 - freqtrade.resolvers.strategy_resolver - INFO - Strategy using max_entry_position_adjustment: -1
2023-06-06 15:00:12,478 - freqtrade.resolvers.strategy_resolver - INFO - Strategy using max_open_trades: 5
2023-06-06 15:00:12,479 - freqtrade.configuration.config_validation - INFO - Validating configuration ...
2023-06-06 15:00:12,487 - freqtrade.exchange.exchange - INFO - Instance is running with dry_run enabled
2023-06-06 15:00:12,489 - freqtrade.exchange.exchange - INFO - Using CCXT 3.1.5
2023-06-06 15:00:12,510 - freqtrade.exchange.exchange - INFO - Using Exchange "Binance"
2023-06-06 15:00:19,148 - freqtrade.resolvers.exchange_resolver - INFO - Using resolved exchange 'Binance'...
2023-06-06 15:00:19,239 - freqtrade.wallets - INFO - Wallets synced.
2023-06-06 15:00:19,250 - freqtrade.resolvers.iresolver - INFO - Using resolved pairlist VolumePairList from '/freqtrade/freqtrade/plugins/pairlist/VolumePairList.py'...
2023-06-06 15:00:19,256 - freqtrade.resolvers.iresolver - INFO - Using resolved pairlist AgeFilter from '/freqtrade/freqtrade/plugins/pairlist/AgeFilter.py'...
2023-06-06 15:00:19,611 - freqtrade.rpc.rpc_manager - INFO - Enabling rpc.telegram ...
2023-06-06 15:00:19,816 - freqtrade.resolvers.iresolver - INFO - Using resolved pairlist VolumePairList from '/freqtrade/freqtrade/plugins/pairlist/VolumePairList.py'...
2023-06-06 15:00:19,825 - freqtrade.resolvers.iresolver - INFO - Using resolved pairlist AgeFilter from '/freqtrade/freqtrade/plugins/pairlist/AgeFilter.py'...
2023-06-06 15:00:19,837 - freqtrade.rpc.telegram - INFO - rpc.telegram is listening for following commands: [['status'], ['profit'], ['balance'], ['start'], ['stop'], ['forceexit', 'forcesell', 'fx'], ['forcebuy', 'forcelong'], ['forceshort'], ['reload_trade'], ['trades'], ['delete'], ['cancel_open_order', 'coo'], ['performance'], ['buys', 'entries'], ['exits', 'sells'], ['mix_tags'], ['stats'], ['daily'], ['weekly'], ['monthly'], ['count'], ['locks'], ['delete_locks', 'unlock'], ['reload_conf', 'reload_config'], ['show_conf', 'show_config'], ['stopbuy', 'stopentry'], ['whitelist'], ['blacklist'], ['bl_delete', 'blacklist_delete'], ['logs'], ['edge'], ['health'], ['help'], ['version'], ['marketdir']]
2023-06-06 15:00:20,408 - httpx - INFO - HTTP Request: POST https://api.telegram.org/bot6298282206:AAF10zQKZDYBygGcJ39yjRtsy-jDdYulYYo/getMe "HTTP/1.1 200 OK"
2023-06-06 15:00:20,432 - telegram.ext.Application - INFO - Application started
2023-06-06 15:00:20,565 - VolumePairList - INFO - Pair TUSD/USDT in your blacklist. Removing it from whitelist...
2023-06-06 15:00:20,566 - VolumePairList - INFO - Pair USDC/USDT in your blacklist. Removing it from whitelist...
2023-06-06 15:00:20,568 - VolumePairList - INFO - Pair BUSD/USDT in your blacklist. Removing it from whitelist...
2023-06-06 15:00:20,569 - VolumePairList - INFO - Pair USDP/USDT in your blacklist. Removing it from whitelist...
2023-06-06 15:00:20,641 - httpx - INFO - HTTP Request: POST https://api.telegram.org/bot6298282206:AAF10zQKZDYBygGcJ39yjRtsy-jDdYulYYo/deleteWebhook "HTTP/1.1 200 OK"
2023-06-06 15:00:23,082 - freqtrade.commands.trade_commands - INFO - SIGINT received, aborting ...
2023-06-06 15:00:52,435 - freqtrade.loggers - INFO - Verbosity set to 0
2023-06-06 15:00:52,437 - freqtrade.configuration.configuration - INFO - Runmode set to dry_run.
2023-06-06 15:00:52,439 - freqtrade.configuration.configuration - INFO - Parameter --db-url detected ...
2023-06-06 15:00:52,440 - freqtrade.configuration.configuration - INFO - Dry run is enabled
2023-06-06 15:00:52,442 - freqtrade.configuration.configuration - INFO - Using DB: "sqlite:////freqtrade/user_data/tradesv3clutchstrategy.sqlite"
2023-06-06 15:00:52,443 - freqtrade.configuration.configuration - INFO - Using max_open_trades: 5 ...
2023-06-06 15:00:52,598 - freqtrade.configuration.configuration - INFO - Using user-data directory: /freqtrade/user_data ...
2023-06-06 15:00:52,603 - freqtrade.configuration.configuration - INFO - Using data directory: /freqtrade/user_data/data/binance ...
2023-06-06 15:00:52,606 - freqtrade.exchange.check_exchange - INFO - Checking exchange...
2023-06-06 15:00:52,618 - freqtrade.exchange.check_exchange - INFO - Exchange "binance" is officially supported by the Freqtrade development team.
2023-06-06 15:00:52,619 - freqtrade.configuration.configuration - INFO - Using pairlist from configuration.
2023-06-06 15:00:52,691 - freqtrade.resolvers.iresolver - INFO - Using resolved strategy clutch from '/freqtrade/user_data/strategies/clutch.py'...
2023-06-06 15:00:52,694 - freqtrade.strategy.hyper - INFO - Found no parameter file.
2023-06-06 15:00:52,697 - freqtrade.resolvers.strategy_resolver - INFO - Override strategy 'stake_currency' with value in config file: USDT.
2023-06-06 15:00:52,698 - freqtrade.resolvers.strategy_resolver - INFO - Override strategy 'stake_amount' with value in config file: unlimited.
2023-06-06 15:00:52,700 - freqtrade.resolvers.strategy_resolver - INFO - Override strategy 'unfilledtimeout' with value in config file: {'entry': 10, 'exit': 10, 'exit_timeout_count': 0, 'unit': 'minutes'}.
2023-06-06 15:00:52,702 - freqtrade.resolvers.strategy_resolver - INFO - Override strategy 'max_open_trades' with value in config file: 5.
2023-06-06 15:00:52,704 - freqtrade.resolvers.strategy_resolver - INFO - Strategy using minimal_roi: {'0': 0.064, '33': 0.05, '86': 0.021, '187': 0}
2023-06-06 15:00:52,705 - freqtrade.resolvers.strategy_resolver - INFO - Strategy using timeframe: 5m
2023-06-06 15:00:52,707 - freqtrade.resolvers.strategy_resolver - INFO - Strategy using stoploss: -0.314
2023-06-06 15:00:52,709 - freqtrade.resolvers.strategy_resolver - INFO - Strategy using trailing_stop: False
2023-06-06 15:00:52,710 - freqtrade.resolvers.strategy_resolver - INFO - Strategy using trailing_stop_positive_offset: 0.0
2023-06-06 15:00:52,712 - freqtrade.resolvers.strategy_resolver - INFO - Strategy using trailing_only_offset_is_reached: False
2023-06-06 15:00:52,714 - freqtrade.resolvers.strategy_resolver - INFO - Strategy using use_custom_stoploss: False
2023-06-06 15:00:52,715 - freqtrade.resolvers.strategy_resolver - INFO - Strategy using process_only_new_candles: True
2023-06-06 15:00:52,718 - freqtrade.resolvers.strategy_resolver - INFO - Strategy using order_types: {'entry': 'limit', 'exit': 'limit', 'stoploss': 'limit', 'stoploss_on_exchange': False, 'stoploss_on_exchange_interval': 60}
2023-06-06 15:00:52,719 - freqtrade.resolvers.strategy_resolver - INFO - Strategy using order_time_in_force: {'entry': 'GTC', 'exit': 'GTC'}
2023-06-06 15:00:52,721 - freqtrade.resolvers.strategy_resolver - INFO - Strategy using stake_currency: USDT
2023-06-06 15:00:52,722 - freqtrade.resolvers.strategy_resolver - INFO - Strategy using stake_amount: unlimited
2023-06-06 15:00:52,724 - freqtrade.resolvers.strategy_resolver - INFO - Strategy using protections: []
2023-06-06 15:00:52,726 - freqtrade.resolvers.strategy_resolver - INFO - Strategy using startup_candle_count: 0
2023-06-06 15:00:52,727 - freqtrade.resolvers.strategy_resolver - INFO - Strategy using unfilledtimeout: {'entry': 10, 'exit': 10, 'exit_timeout_count': 0, 'unit': 'minutes'}
2023-06-06 15:00:52,729 - freqtrade.resolvers.strategy_resolver - INFO - Strategy using use_exit_signal: True
2023-06-06 15:00:52,731 - freqtrade.resolvers.strategy_resolver - INFO - Strategy using exit_profit_only: False
2023-06-06 15:00:52,733 - freqtrade.resolvers.strategy_resolver - INFO - Strategy using ignore_roi_if_entry_signal: False
2023-06-06 15:00:52,734 - freqtrade.resolvers.strategy_resolver - INFO - Strategy using exit_profit_offset: 0.0
2023-06-06 15:00:52,736 - freqtrade.resolvers.strategy_resolver - INFO - Strategy using disable_dataframe_checks: False
2023-06-06 15:00:52,738 - freqtrade.resolvers.strategy_resolver - INFO - Strategy using ignore_buying_expired_candle_after: 0
2023-06-06 15:00:52,740 - freqtrade.resolvers.strategy_resolver - INFO - Strategy using position_adjustment_enable: False
2023-06-06 15:00:52,741 - freqtrade.resolvers.strategy_resolver - INFO - Strategy using max_entry_position_adjustment: -1
2023-06-06 15:00:52,743 - freqtrade.resolvers.strategy_resolver - INFO - Strategy using max_open_trades: 5
2023-06-06 15:00:52,745 - freqtrade.configuration.config_validation - INFO - Validating configuration ...
2023-06-06 15:00:52,754 - freqtrade.exchange.exchange - INFO - Instance is running with dry_run enabled
2023-06-06 15:00:52,755 - freqtrade.exchange.exchange - INFO - Using CCXT 3.1.5
2023-06-06 15:00:52,775 - freqtrade.exchange.exchange - INFO - Using Exchange "Binance"
2023-06-06 15:00:59,197 - freqtrade.resolvers.exchange_resolver - INFO - Using resolved exchange 'Binance'...
2023-06-06 15:00:59,338 - freqtrade.wallets - INFO - Wallets synced.
2023-06-06 15:00:59,354 - freqtrade.resolvers.iresolver - INFO - Using resolved pairlist VolumePairList from '/freqtrade/freqtrade/plugins/pairlist/VolumePairList.py'...
2023-06-06 15:00:59,362 - freqtrade.resolvers.iresolver - INFO - Using resolved pairlist AgeFilter from '/freqtrade/freqtrade/plugins/pairlist/AgeFilter.py'...
2023-06-06 15:00:59,544 - freqtrade.commands.trade_commands - INFO - SIGINT received, aborting ...
2023-06-06 15:05:50,154 - freqtrade.loggers - INFO - Verbosity set to 0
2023-06-06 15:05:50,157 - freqtrade.configuration.configuration - INFO - Runmode set to dry_run.
2023-06-06 15:05:50,158 - freqtrade.configuration.configuration - INFO - Parameter --db-url detected ...
2023-06-06 15:05:50,160 - freqtrade.configuration.configuration - INFO - Dry run is enabled
2023-06-06 15:05:50,162 - freqtrade.configuration.configuration - INFO - Using DB: "sqlite:////freqtrade/user_data/tradesv3clutchstrategy.sqlite"
2023-06-06 15:05:50,164 - freqtrade.configuration.configuration - INFO - Using max_open_trades: 5 ...
2023-06-06 15:05:50,355 - freqtrade.configuration.configuration - INFO - Using user-data directory: /freqtrade/user_data ...
2023-06-06 15:05:50,360 - freqtrade.configuration.configuration - INFO - Using data directory: /freqtrade/user_data/data/binance ...
2023-06-06 15:05:50,362 - freqtrade.exchange.check_exchange - INFO - Checking exchange...
2023-06-06 15:05:50,375 - freqtrade.exchange.check_exchange - INFO - Exchange "binance" is officially supported by the Freqtrade development team.
2023-06-06 15:05:50,377 - freqtrade.configuration.configuration - INFO - Using pairlist from configuration.
2023-06-06 15:05:50,478 - freqtrade.resolvers.iresolver - INFO - Using resolved strategy clutch from '/freqtrade/user_data/strategies/clutch.py'...
2023-06-06 15:05:50,483 - freqtrade.strategy.hyper - INFO - Found no parameter file.
2023-06-06 15:05:50,486 - freqtrade.resolvers.strategy_resolver - INFO - Override strategy 'stake_currency' with value in config file: USDT.
2023-06-06 15:05:50,489 - freqtrade.resolvers.strategy_resolver - INFO - Override strategy 'stake_amount' with value in config file: unlimited.
2023-06-06 15:05:50,491 - freqtrade.resolvers.strategy_resolver - INFO - Override strategy 'unfilledtimeout' with value in config file: {'entry': 10, 'exit': 10, 'exit_timeout_count': 0, 'unit': 'minutes'}.
2023-06-06 15:05:50,493 - freqtrade.resolvers.strategy_resolver - INFO - Override strategy 'max_open_trades' with value in config file: 5.
2023-06-06 15:05:50,496 - freqtrade.resolvers.strategy_resolver - INFO - Strategy using minimal_roi: {'0': 0.064, '33': 0.05, '86': 0.021, '187': 0}
2023-06-06 15:05:50,497 - freqtrade.resolvers.strategy_resolver - INFO - Strategy using timeframe: 5m
2023-06-06 15:05:50,499 - freqtrade.resolvers.strategy_resolver - INFO - Strategy using stoploss: -0.314
2023-06-06 15:05:50,502 - freqtrade.resolvers.strategy_resolver - INFO - Strategy using trailing_stop: False
2023-06-06 15:05:50,504 - freqtrade.resolvers.strategy_resolver - INFO - Strategy using trailing_stop_positive_offset: 0.0
2023-06-06 15:05:50,506 - freqtrade.resolvers.strategy_resolver - INFO - Strategy using trailing_only_offset_is_reached: False
2023-06-06 15:05:50,508 - freqtrade.resolvers.strategy_resolver - INFO - Strategy using use_custom_stoploss: False
2023-06-06 15:05:50,510 - freqtrade.resolvers.strategy_resolver - INFO - Strategy using process_only_new_candles: True
2023-06-06 15:05:50,513 - freqtrade.resolvers.strategy_resolver - INFO - Strategy using order_types: {'entry': 'limit', 'exit': 'limit', 'stoploss': 'limit', 'stoploss_on_exchange': False, 'stoploss_on_exchange_interval': 60}
2023-06-06 15:05:50,515 - freqtrade.resolvers.strategy_resolver - INFO - Strategy using order_time_in_force: {'entry': 'GTC', 'exit': 'GTC'}
2023-06-06 15:05:50,517 - freqtrade.resolvers.strategy_resolver - INFO - Strategy using stake_currency: USDT
2023-06-06 15:05:50,519 - freqtrade.resolvers.strategy_resolver - INFO - Strategy using stake_amount: unlimited
2023-06-06 15:05:50,521 - freqtrade.resolvers.strategy_resolver - INFO - Strategy using protections: []
2023-06-06 15:05:50,524 - freqtrade.resolvers.strategy_resolver - INFO - Strategy using startup_candle_count: 0
2023-06-06 15:05:50,525 - freqtrade.resolvers.strategy_resolver - INFO - Strategy using unfilledtimeout: {'entry': 10, 'exit': 10, 'exit_timeout_count': 0, 'unit': 'minutes'}
2023-06-06 15:05:50,528 - freqtrade.resolvers.strategy_resolver - INFO - Strategy using use_exit_signal: True
2023-06-06 15:05:50,530 - freqtrade.resolvers.strategy_resolver - INFO - Strategy using exit_profit_only: False
2023-06-06 15:05:50,533 - freqtrade.resolvers.strategy_resolver - INFO - Strategy using ignore_roi_if_entry_signal: False
2023-06-06 15:05:50,535 - freqtrade.resolvers.strategy_resolver - INFO - Strategy using exit_profit_offset: 0.0
2023-06-06 15:05:50,537 - freqtrade.resolvers.strategy_resolver - INFO - Strategy using disable_dataframe_checks: False
2023-06-06 15:05:50,539 - freqtrade.resolvers.strategy_resolver - INFO - Strategy using ignore_buying_expired_candle_after: 0
2023-06-06 15:05:50,541 - freqtrade.resolvers.strategy_resolver - INFO - Strategy using position_adjustment_enable: False
2023-06-06 15:05:50,544 - freqtrade.resolvers.strategy_resolver - INFO - Strategy using max_entry_position_adjustment: -1
2023-06-06 15:05:50,545 - freqtrade.resolvers.strategy_resolver - INFO - Strategy using max_open_trades: 5
2023-06-06 15:05:50,548 - freqtrade.configuration.config_validation - INFO - Validating configuration ...
2023-06-06 15:05:50,563 - freqtrade.exchange.exchange - INFO - Instance is running with dry_run enabled
2023-06-06 15:05:50,567 - freqtrade.exchange.exchange - INFO - Using CCXT 3.1.5
2023-06-06 15:05:50,607 - freqtrade.exchange.exchange - INFO - Using Exchange "Binance"
2023-06-06 15:05:58,509 - freqtrade.resolvers.exchange_resolver - INFO - Using resolved exchange 'Binance'...
2023-06-06 15:05:58,628 - freqtrade.wallets - INFO - Wallets synced.
2023-06-06 15:05:58,643 - freqtrade.resolvers.iresolver - INFO - Using resolved pairlist VolumePairList from '/freqtrade/freqtrade/plugins/pairlist/VolumePairList.py'...
2023-06-06 15:05:58,651 - freqtrade.resolvers.iresolver - INFO - Using resolved pairlist AgeFilter from '/freqtrade/freqtrade/plugins/pairlist/AgeFilter.py'...
2023-06-06 15:05:59,060 - freqtrade.rpc.rpc_manager - INFO - Enabling rpc.telegram ...
2023-06-06 15:05:59,302 - freqtrade.resolvers.iresolver - INFO - Using resolved pairlist VolumePairList from '/freqtrade/freqtrade/plugins/pairlist/VolumePairList.py'...
2023-06-06 15:05:59,312 - freqtrade.resolvers.iresolver - INFO - Using resolved pairlist AgeFilter from '/freqtrade/freqtrade/plugins/pairlist/AgeFilter.py'...
2023-06-06 15:05:59,319 - freqtrade.rpc.telegram - INFO - rpc.telegram is listening for following commands: [['status'], ['profit'], ['balance'], ['start'], ['stop'], ['forceexit', 'forcesell', 'fx'], ['forcebuy', 'forcelong'], ['forceshort'], ['reload_trade'], ['trades'], ['delete'], ['cancel_open_order', 'coo'], ['performance'], ['buys', 'entries'], ['exits', 'sells'], ['mix_tags'], ['stats'], ['daily'], ['weekly'], ['monthly'], ['count'], ['locks'], ['delete_locks', 'unlock'], ['reload_conf', 'reload_config'], ['show_conf', 'show_config'], ['stopbuy', 'stopentry'], ['whitelist'], ['blacklist'], ['bl_delete', 'blacklist_delete'], ['logs'], ['edge'], ['health'], ['help'], ['version'], ['marketdir']]
2023-06-06 15:05:59,884 - httpx - INFO - HTTP Request: POST https://api.telegram.org/bot6298282206:AAF10zQKZDYBygGcJ39yjRtsy-jDdYulYYo/getMe "HTTP/1.1 200 OK"
2023-06-06 15:05:59,908 - telegram.ext.Application - INFO - Application started
2023-06-06 15:06:00,072 - VolumePairList - INFO - Pair TUSD/USDT in your blacklist. Removing it from whitelist...
2023-06-06 15:06:00,074 - VolumePairList - INFO - Pair USDC/USDT in your blacklist. Removing it from whitelist...
2023-06-06 15:06:00,076 - VolumePairList - INFO - Pair BUSD/USDT in your blacklist. Removing it from whitelist...
2023-06-06 15:06:00,078 - VolumePairList - INFO - Pair USDP/USDT in your blacklist. Removing it from whitelist...
2023-06-06 15:06:00,129 - httpx - INFO - HTTP Request: POST https://api.telegram.org/bot6298282206:AAF10zQKZDYBygGcJ39yjRtsy-jDdYulYYo/deleteWebhook "HTTP/1.1 200 OK"
2023-06-06 15:06:02,387 - AgeFilter - INFO - Removed ARB/USDT from whitelist, because age 75 is less than 120 days
2023-06-06 15:06:02,389 - AgeFilter - INFO - Removed SUI/USDT from whitelist, because age 34 is less than 120 days
2023-06-06 15:06:02,395 - AgeFilter - INFO - Removed PEPE/USDT from whitelist, because age 32 is less than 120 days
2023-06-06 15:06:02,397 - AgeFilter - INFO - Removed EDU/USDT from whitelist, because age 39 is less than 120 days
2023-06-06 15:06:02,399 - AgeFilter - INFO - Removed ID/USDT from whitelist, because age 76 is less than 120 days
2023-06-06 15:06:02,402 - AgeFilter - INFO - Validated 25 pairs.
2023-06-06 15:06:02,424 - freqtrade.plugins.pairlistmanager - INFO - Whitelist with 25 pairs: ['BTC/USDT', 'ETH/USDT', 'XRP/USDT', 'BNB/USDT', 'SOL/USDT', 'LTC/USDT', 'DOGE/USDT', 'RNDR/USDT', 'OP/USDT', 'MATIC/USDT', 'MTL/USDT', 'DYDX/USDT', 'SAND/USDT', 'ADA/USDT', 'CFX/USDT', 'APT/USDT', 'EUR/USDT', 'APE/USDT', 'AVAX/USDT', 'LINA/USDT', 'FTM/USDT', 'FIL/USDT', 'LINK/USDT', 'LDO/USDT', 'GALA/USDT']
2023-06-06 15:06:02,426 - freqtrade.strategy.hyper - INFO - No params for buy found, using default values.
2023-06-06 15:06:02,428 - freqtrade.strategy.hyper - INFO - No params for sell found, using default values.
2023-06-06 15:06:02,430 - freqtrade.strategy.hyper - INFO - No params for protection found, using default values.
2023-06-06 15:06:02,432 - freqtrade.plugins.protectionmanager - INFO - No protection Handlers defined.
2023-06-06 15:06:02,434 - freqtrade.rpc.rpc_manager - INFO - Sending rpc message: {'type': status, 'status': 'running'}
2023-06-06 15:06:02,436 - freqtrade.worker - INFO - Changing state to: RUNNING
2023-06-06 15:06:02,454 - freqtrade.rpc.rpc_manager - INFO - Sending rpc message: {'type': warning, 'status': 'Dry run is enabled. All trades are simulated.'}
2023-06-06 15:06:02,456 - freqtrade.rpc.rpc_manager - INFO - Sending rpc message: {'type': startup, 'status': "*Exchange:* `binance`\n*Stake per trade:* `unlimited USDT`\n*Minimum ROI:* `{'0': 0.064, '33': 0.05, '86': 0.021, '187': 0}`\n*Stoploss:* `-0.314`\n*Position adjustment:* `Off`\n*Timeframe:* `5m`\n*Strategy:* `clutch`"}
2023-06-06 15:06:02,460 - freqtrade.rpc.rpc_manager - INFO - Sending rpc message: {'type': startup, 'status': "Searching for USDT pairs to buy and sell based on [{'VolumePairList': 'VolumePairList - top 30 volume pairs.'}, {'AgeFilter': 'AgeFilter - Filtering pairs with age less than 120 days'}]"}
2023-06-06 15:06:02,733 - httpx - INFO - HTTP Request: POST https://api.telegram.org/bot6298282206:AAF10zQKZDYBygGcJ39yjRtsy-jDdYulYYo/sendMessage "HTTP/1.1 400 Bad Request"
2023-06-06 15:06:02,736 - freqtrade.rpc.telegram - WARNING - Telegram NetworkError: Chat not found! Trying one more time.
2023-06-06 15:06:03,032 - httpx - INFO - HTTP Request: POST https://api.telegram.org/bot6298282206:AAF10zQKZDYBygGcJ39yjRtsy-jDdYulYYo/sendMessage "HTTP/1.1 400 Bad Request"
2023-06-06 15:06:03,036 - httpx - INFO - HTTP Request: POST https://api.telegram.org/bot6298282206:AAF10zQKZDYBygGcJ39yjRtsy-jDdYulYYo/sendMessage "HTTP/1.1 400 Bad Request"
2023-06-06 15:06:03,043 - freqtrade.rpc.telegram - WARNING - Telegram NetworkError: Chat not found! Trying one more time.
2023-06-06 15:06:03,048 - freqtrade.rpc.telegram - WARNING - TelegramError: Chat not found! Giving up on that message.
2023-06-06 15:06:03,150 - httpx - INFO - HTTP Request: POST https://api.telegram.org/bot6298282206:AAF10zQKZDYBygGcJ39yjRtsy-jDdYulYYo/sendMessage "HTTP/1.1 400 Bad Request"
2023-06-06 15:06:03,154 - freqtrade.rpc.telegram - WARNING - Telegram NetworkError: Chat not found! Trying one more time.
2023-06-06 15:06:03,326 - httpx - INFO - HTTP Request: POST https://api.telegram.org/bot6298282206:AAF10zQKZDYBygGcJ39yjRtsy-jDdYulYYo/sendMessage "HTTP/1.1 400 Bad Request"
2023-06-06 15:06:03,328 - freqtrade.rpc.telegram - WARNING - TelegramError: Chat not found! Giving up on that message.
2023-06-06 15:06:03,331 - httpx - INFO - HTTP Request: POST https://api.telegram.org/bot6298282206:AAF10zQKZDYBygGcJ39yjRtsy-jDdYulYYo/sendMessage "HTTP/1.1 400 Bad Request"
2023-06-06 15:06:03,334 - freqtrade.rpc.telegram - WARNING - Telegram NetworkError: Chat not found! Trying one more time.
2023-06-06 15:06:03,446 - httpx - INFO - HTTP Request: POST https://api.telegram.org/bot6298282206:AAF10zQKZDYBygGcJ39yjRtsy-jDdYulYYo/sendMessage "HTTP/1.1 400 Bad Request"
2023-06-06 15:06:03,450 - freqtrade.rpc.telegram - WARNING - TelegramError: Chat not found! Giving up on that message.
2023-06-06 15:06:03,625 - httpx - INFO - HTTP Request: POST https://api.telegram.org/bot6298282206:AAF10zQKZDYBygGcJ39yjRtsy-jDdYulYYo/sendMessage "HTTP/1.1 400 Bad Request"
2023-06-06 15:06:03,627 - freqtrade.rpc.telegram - WARNING - TelegramError: Chat not found! Giving up on that message.
2023-06-06 15:06:09,705 - freqtrade.worker - INFO - Bot heartbeat. PID=1, version='2023.5', state='RUNNING'
2023-06-06 15:06:20,672 - httpx - INFO - HTTP Request: POST https://api.telegram.org/bot6298282206:AAF10zQKZDYBygGcJ39yjRtsy-jDdYulYYo/getUpdates "HTTP/1.1 200 OK"
2023-06-06 15:06:40,906 - httpx - INFO - HTTP Request: POST https://api.telegram.org/bot6298282206:AAF10zQKZDYBygGcJ39yjRtsy-jDdYulYYo/getUpdates "HTTP/1.1 200 OK"
2023-06-06 15:07:01,085 - httpx - INFO - HTTP Request: POST https://api.telegram.org/bot6298282206:AAF10zQKZDYBygGcJ39yjRtsy-jDdYulYYo/getUpdates "HTTP/1.1 200 OK"
2023-06-06 15:07:09,771 - freqtrade.worker - INFO - Bot heartbeat. PID=1, version='2023.5', state='RUNNING'
2023-06-06 15:07:21,266 - httpx - INFO - HTTP Request: POST https://api.telegram.org/bot6298282206:AAF10zQKZDYBygGcJ39yjRtsy-jDdYulYYo/getUpdates "HTTP/1.1 200 OK"
2023-06-06 15:07:41,447 - httpx - INFO - HTTP Request: POST https://api.telegram.org/bot6298282206:AAF10zQKZDYBygGcJ39yjRtsy-jDdYulYYo/getUpdates "HTTP/1.1 200 OK"
2023-06-06 15:07:46,921 - freqtrade.commands.trade_commands - INFO - SIGINT received, aborting ...
2023-06-06 15:07:46,926 - freqtrade.commands.trade_commands - INFO - worker found ... calling exit
2023-06-06 15:07:46,928 - freqtrade.rpc.rpc_manager - INFO - Sending rpc message: {'type': status, 'status': 'process died'}
2023-06-06 15:07:46,931 - freqtrade.freqtradebot - INFO - Cleaning up modules ...
2023-06-06 15:07:46,945 - freqtrade.rpc.rpc_manager - INFO - Cleaning up rpc modules ...
2023-06-06 15:07:46,950 - freqtrade.rpc.rpc_manager - INFO - Cleaning up rpc.telegram ...
2023-06-06 15:07:46,955 - telegram.ext.Application - INFO - Application is stopping. This might take a moment.
2023-06-06 15:07:46,957 - telegram.ext.Application - INFO - Application.stop() complete
2023-06-06 15:07:47,665 - httpx - INFO - HTTP Request: POST https://api.telegram.org/bot6298282206:AAF10zQKZDYBygGcJ39yjRtsy-jDdYulYYo/sendMessage "HTTP/1.1 400 Bad Request"
2023-06-06 15:07:47,667 - freqtrade.rpc.telegram - WARNING - Telegram NetworkError: Chat not found! Trying one more time.
2023-06-06 15:07:47,669 - freqtrade.rpc.telegram - WARNING - TelegramError: Unknown error in HTTP implementation: RuntimeError('This HTTPXRequest is not initialized!')! Giving up on that message.
2023-06-06 15:07:50,215 - asyncio - ERROR - Task was destroyed but it is pending!
task: <Task pending name='Task-281' coro=<Throttler.looper() running at /home/ftuser/.local/lib/python3.10/site-packages/ccxt/async_support/base/throttler.py:32>>
2023-06-06 15:07:50,655 - ccxt.base.exchange - WARNING - binance requires to release all resources with an explicit call to the .close() coroutine. If you are using the exchange instance with async coroutines, add `await exchange.close()` to your code into a place when you're done with the exchange and don't need the exchange instance anymore (at the end of your async coroutine).
2023-06-06 15:07:50,664 - asyncio - ERROR - Task was destroyed but it is pending!
task: <Task pending name='Task-277' coro=<Exchange.load_markets_helper() running at /home/ftuser/.local/lib/python3.10/site-packages/ccxt/async_support/base/exchange.py:197> wait_for=<_GatheringFuture pending cb=[Task.task_wakeup()]> cb=[Task.task_wakeup()]>
2023-06-06 15:07:50,666 - asyncio - ERROR - Unclosed client session
client_session: <aiohttp.client.ClientSession object at 0x7f9fe4ec41c0>
2023-06-06 15:07:50,676 - asyncio - ERROR - Task was destroyed but it is pending!
task: <Task pending name='Task-290' coro=<TCPConnector._resolve_host() running at /home/ftuser/.local/lib/python3.10/site-packages/aiohttp/connector.py:815> cb=[shield.<locals>._inner_done_callback() at /usr/local/lib/python3.10/asyncio/tasks.py:847]>
2023-06-06 15:08:04,643 - freqtrade.loggers - INFO - Verbosity set to 0
2023-06-06 15:08:04,645 - freqtrade.configuration.configuration - INFO - Runmode set to dry_run.
2023-06-06 15:08:04,646 - freqtrade.configuration.configuration - INFO - Parameter --db-url detected ...
2023-06-06 15:08:04,648 - freqtrade.configuration.configuration - INFO - Dry run is enabled
2023-06-06 15:08:04,650 - freqtrade.configuration.configuration - INFO - Using DB: "sqlite:////freqtrade/user_data/tradesv3clutchstrategy.sqlite"
2023-06-06 15:08:04,652 - freqtrade.configuration.configuration - INFO - Using max_open_trades: 5 ...
2023-06-06 15:08:04,827 - freqtrade.configuration.configuration - INFO - Using user-data directory: /freqtrade/user_data ...
2023-06-06 15:08:04,832 - freqtrade.configuration.configuration - INFO - Using data directory: /freqtrade/user_data/data/binance ...
2023-06-06 15:08:04,835 - freqtrade.exchange.check_exchange - INFO - Checking exchange...
2023-06-06 15:08:04,851 - freqtrade.exchange.check_exchange - INFO - Exchange "binance" is officially supported by the Freqtrade development team.
2023-06-06 15:08:04,853 - freqtrade.configuration.configuration - INFO - Using pairlist from configuration.
2023-06-06 15:08:04,915 - freqtrade.resolvers.iresolver - INFO - Using resolved strategy clutch from '/freqtrade/user_data/strategies/clutch.py'...
2023-06-06 15:08:04,918 - freqtrade.strategy.hyper - INFO - Found no parameter file.
2023-06-06 15:08:04,920 - freqtrade.resolvers.strategy_resolver - INFO - Override strategy 'stake_currency' with value in config file: USDT.
2023-06-06 15:08:04,922 - freqtrade.resolvers.strategy_resolver - INFO - Override strategy 'stake_amount' with value in config file: unlimited.
2023-06-06 15:08:04,924 - freqtrade.resolvers.strategy_resolver - INFO - Override strategy 'unfilledtimeout' with value in config file: {'entry': 10, 'exit': 10, 'exit_timeout_count': 0, 'unit': 'minutes'}.
2023-06-06 15:08:04,926 - freqtrade.resolvers.strategy_resolver - INFO - Override strategy 'max_open_trades' with value in config file: 5.
2023-06-06 15:08:04,927 - freqtrade.resolvers.strategy_resolver - INFO - Strategy using minimal_roi: {'0': 0.064, '33': 0.05, '86': 0.021, '187': 0}
2023-06-06 15:08:04,929 - freqtrade.resolvers.strategy_resolver - INFO - Strategy using timeframe: 5m
2023-06-06 15:08:04,931 - freqtrade.resolvers.strategy_resolver - INFO - Strategy using stoploss: -0.314
2023-06-06 15:08:04,933 - freqtrade.resolvers.strategy_resolver - INFO - Strategy using trailing_stop: False
2023-06-06 15:08:04,935 - freqtrade.resolvers.strategy_resolver - INFO - Strategy using trailing_stop_positive_offset: 0.0
2023-06-06 15:08:04,937 - freqtrade.resolvers.strategy_resolver - INFO - Strategy using trailing_only_offset_is_reached: False
2023-06-06 15:08:04,938 - freqtrade.resolvers.strategy_resolver - INFO - Strategy using use_custom_stoploss: False
2023-06-06 15:08:04,940 - freqtrade.resolvers.strategy_resolver - INFO - Strategy using process_only_new_candles: True
2023-06-06 15:08:04,942 - freqtrade.resolvers.strategy_resolver - INFO - Strategy using order_types: {'entry': 'limit', 'exit': 'limit', 'stoploss': 'limit', 'stoploss_on_exchange': False, 'stoploss_on_exchange_interval': 60}
2023-06-06 15:08:04,944 - freqtrade.resolvers.strategy_resolver - INFO - Strategy using order_time_in_force: {'entry': 'GTC', 'exit': 'GTC'}
2023-06-06 15:08:04,946 - freqtrade.resolvers.strategy_resolver - INFO - Strategy using stake_currency: USDT
2023-06-06 15:08:04,948 - freqtrade.resolvers.strategy_resolver - INFO - Strategy using stake_amount: unlimited
2023-06-06 15:08:04,950 - freqtrade.resolvers.strategy_resolver - INFO - Strategy using protections: []
2023-06-06 15:08:04,951 - freqtrade.resolvers.strategy_resolver - INFO - Strategy using startup_candle_count: 0
2023-06-06 15:08:04,953 - freqtrade.resolvers.strategy_resolver - INFO - Strategy using unfilledtimeout: {'entry': 10, 'exit': 10, 'exit_timeout_count': 0, 'unit': 'minutes'}
2023-06-06 15:08:04,954 - freqtrade.resolvers.strategy_resolver - INFO - Strategy using use_exit_signal: True
2023-06-06 15:08:04,956 - freqtrade.resolvers.strategy_resolver - INFO - Strategy using exit_profit_only: False
2023-06-06 15:08:04,958 - freqtrade.resolvers.strategy_resolver - INFO - Strategy using ignore_roi_if_entry_signal: False
2023-06-06 15:08:04,960 - freqtrade.resolvers.strategy_resolver - INFO - Strategy using exit_profit_offset: 0.0
2023-06-06 15:08:04,963 - freqtrade.resolvers.strategy_resolver - INFO - Strategy using disable_dataframe_checks: False
2023-06-06 15:08:04,964 - freqtrade.resolvers.strategy_resolver - INFO - Strategy using ignore_buying_expired_candle_after: 0
2023-06-06 15:08:04,966 - freqtrade.resolvers.strategy_resolver - INFO - Strategy using position_adjustment_enable: False
2023-06-06 15:08:04,968 - freqtrade.resolvers.strategy_resolver - INFO - Strategy using max_entry_position_adjustment: -1
2023-06-06 15:08:04,969 - freqtrade.resolvers.strategy_resolver - INFO - Strategy using max_open_trades: 5
2023-06-06 15:08:04,971 - freqtrade.configuration.config_validation - INFO - Validating configuration ...
2023-06-06 15:08:04,980 - freqtrade.exchange.exchange - INFO - Instance is running with dry_run enabled
2023-06-06 15:08:04,982 - freqtrade.exchange.exchange - INFO - Using CCXT 3.1.5
2023-06-06 15:08:05,010 - freqtrade.exchange.exchange - INFO - Using Exchange "Binance"
2023-06-06 15:08:12,028 - freqtrade.resolvers.exchange_resolver - INFO - Using resolved exchange 'Binance'...
2023-06-06 15:08:12,161 - freqtrade.wallets - INFO - Wallets synced.
2023-06-06 15:08:12,173 - freqtrade.resolvers.iresolver - INFO - Using resolved pairlist VolumePairList from '/freqtrade/freqtrade/plugins/pairlist/VolumePairList.py'...
2023-06-06 15:08:12,184 - freqtrade.resolvers.iresolver - INFO - Using resolved pairlist AgeFilter from '/freqtrade/freqtrade/plugins/pairlist/AgeFilter.py'...
2023-06-06 15:08:12,528 - freqtrade.rpc.rpc_manager - INFO - Enabling rpc.telegram ...
2023-06-06 15:08:12,766 - freqtrade.resolvers.iresolver - INFO - Using resolved pairlist VolumePairList from '/freqtrade/freqtrade/plugins/pairlist/VolumePairList.py'...
2023-06-06 15:08:12,775 - freqtrade.resolvers.iresolver - INFO - Using resolved pairlist AgeFilter from '/freqtrade/freqtrade/plugins/pairlist/AgeFilter.py'...
2023-06-06 15:08:12,781 - freqtrade.rpc.telegram - INFO - rpc.telegram is listening for following commands: [['status'], ['profit'], ['balance'], ['start'], ['stop'], ['forceexit', 'forcesell', 'fx'], ['forcebuy', 'forcelong'], ['forceshort'], ['reload_trade'], ['trades'], ['delete'], ['cancel_open_order', 'coo'], ['performance'], ['buys', 'entries'], ['exits', 'sells'], ['mix_tags'], ['stats'], ['daily'], ['weekly'], ['monthly'], ['count'], ['locks'], ['delete_locks', 'unlock'], ['reload_conf', 'reload_config'], ['show_conf', 'show_config'], ['stopbuy', 'stopentry'], ['whitelist'], ['blacklist'], ['bl_delete', 'blacklist_delete'], ['logs'], ['edge'], ['health'], ['help'], ['version'], ['marketdir']]
2023-06-06 15:08:13,354 - httpx - INFO - HTTP Request: POST https://api.telegram.org/bot6298282206:AAF10zQKZDYBygGcJ39yjRtsy-jDdYulYYo/getMe "HTTP/1.1 200 OK"
2023-06-06 15:08:13,373 - telegram.ext.Application - INFO - Application started
2023-06-06 15:08:13,540 - VolumePairList - INFO - Pair TUSD/USDT in your blacklist. Removing it from whitelist...
2023-06-06 15:08:13,542 - VolumePairList - INFO - Pair USDC/USDT in your blacklist. Removing it from whitelist...
2023-06-06 15:08:13,544 - VolumePairList - INFO - Pair BUSD/USDT in your blacklist. Removing it from whitelist...
2023-06-06 15:08:13,545 - VolumePairList - INFO - Pair USDP/USDT in your blacklist. Removing it from whitelist...
2023-06-06 15:08:13,608 - httpx - INFO - HTTP Request: POST https://api.telegram.org/bot6298282206:AAF10zQKZDYBygGcJ39yjRtsy-jDdYulYYo/deleteWebhook "HTTP/1.1 200 OK"
2023-06-06 15:08:16,163 - AgeFilter - INFO - Removed ARB/USDT from whitelist, because age 75 is less than 120 days
2023-06-06 15:08:16,165 - AgeFilter - INFO - Removed SUI/USDT from whitelist, because age 34 is less than 120 days
2023-06-06 15:08:16,167 - AgeFilter - INFO - Removed PEPE/USDT from whitelist, because age 32 is less than 120 days
2023-06-06 15:08:16,169 - AgeFilter - INFO - Removed EDU/USDT from whitelist, because age 39 is less than 120 days
2023-06-06 15:08:16,171 - AgeFilter - INFO - Removed ID/USDT from whitelist, because age 76 is less than 120 days
2023-06-06 15:08:16,173 - AgeFilter - INFO - Validated 25 pairs.
2023-06-06 15:08:16,194 - freqtrade.plugins.pairlistmanager - INFO - Whitelist with 25 pairs: ['BTC/USDT', 'ETH/USDT', 'XRP/USDT', 'BNB/USDT', 'SOL/USDT', 'LTC/USDT', 'DOGE/USDT', 'RNDR/USDT', 'OP/USDT', 'MATIC/USDT', 'MTL/USDT', 'DYDX/USDT', 'SAND/USDT', 'ADA/USDT', 'CFX/USDT', 'APT/USDT', 'EUR/USDT', 'APE/USDT', 'AVAX/USDT', 'LINA/USDT', 'FTM/USDT', 'FIL/USDT', 'LINK/USDT', 'LDO/USDT', 'GALA/USDT']
2023-06-06 15:08:16,196 - freqtrade.strategy.hyper - INFO - No params for buy found, using default values.
2023-06-06 15:08:16,198 - freqtrade.strategy.hyper - INFO - No params for sell found, using default values.
2023-06-06 15:08:16,200 - freqtrade.strategy.hyper - INFO - No params for protection found, using default values.
2023-06-06 15:08:16,202 - freqtrade.plugins.protectionmanager - INFO - No protection Handlers defined.
2023-06-06 15:08:16,204 - freqtrade.rpc.rpc_manager - INFO - Sending rpc message: {'type': status, 'status': 'running'}
2023-06-06 15:08:16,206 - freqtrade.worker - INFO - Changing state to: RUNNING
2023-06-06 15:08:16,233 - freqtrade.rpc.rpc_manager - INFO - Sending rpc message: {'type': warning, 'status': 'Dry run is enabled. All trades are simulated.'}
2023-06-06 15:08:16,236 - freqtrade.rpc.rpc_manager - INFO - Sending rpc message: {'type': startup, 'status': "*Exchange:* `binance`\n*Stake per trade:* `unlimited USDT`\n*Minimum ROI:* `{'0': 0.064, '33': 0.05, '86': 0.021, '187': 0}`\n*Stoploss:* `-0.314`\n*Position adjustment:* `Off`\n*Timeframe:* `5m`\n*Strategy:* `clutch`"}
2023-06-06 15:08:16,241 - freqtrade.rpc.rpc_manager - INFO - Sending rpc message: {'type': startup, 'status': "Searching for USDT pairs to buy and sell based on [{'VolumePairList': 'VolumePairList - top 30 volume pairs.'}, {'AgeFilter': 'AgeFilter - Filtering pairs with age less than 120 days'}]"}
2023-06-06 15:08:16,649 - httpx - INFO - HTTP Request: POST https://api.telegram.org/bot6298282206:AAF10zQKZDYBygGcJ39yjRtsy-jDdYulYYo/sendMessage "HTTP/1.1 200 OK"
2023-06-06 15:08:16,961 - httpx - INFO - HTTP Request: POST https://api.telegram.org/bot6298282206:AAF10zQKZDYBygGcJ39yjRtsy-jDdYulYYo/sendMessage "HTTP/1.1 200 OK"
2023-06-06 15:08:16,977 - httpx - INFO - HTTP Request: POST https://api.telegram.org/bot6298282206:AAF10zQKZDYBygGcJ39yjRtsy-jDdYulYYo/sendMessage "HTTP/1.1 200 OK"
2023-06-06 15:08:17,001 - httpx - INFO - HTTP Request: POST https://api.telegram.org/bot6298282206:AAF10zQKZDYBygGcJ39yjRtsy-jDdYulYYo/sendMessage "HTTP/1.1 200 OK"
2023-06-06 15:08:23,898 - freqtrade.worker - INFO - Bot heartbeat. PID=1, version='2023.5', state='RUNNING'
2023-06-06 15:08:34,156 - httpx - INFO - HTTP Request: POST https://api.telegram.org/bot6298282206:AAF10zQKZDYBygGcJ39yjRtsy-jDdYulYYo/getUpdates "HTTP/1.1 200 OK"
2023-06-06 15:08:54,334 - httpx - INFO - HTTP Request: POST https://api.telegram.org/bot6298282206:AAF10zQKZDYBygGcJ39yjRtsy-jDdYulYYo/getUpdates "HTTP/1.1 200 OK"
2023-06-06 15:09:14,614 - httpx - INFO - HTTP Request: POST https://api.telegram.org/bot6298282206:AAF10zQKZDYBygGcJ39yjRtsy-jDdYulYYo/getUpdates "HTTP/1.1 200 OK"
2023-06-06 15:09:23,936 - freqtrade.worker - INFO - Bot heartbeat. PID=1, version='2023.5', state='RUNNING'
2023-06-06 15:09:34,799 - httpx - INFO - HTTP Request: POST https://api.telegram.org/bot6298282206:AAF10zQKZDYBygGcJ39yjRtsy-jDdYulYYo/getUpdates "HTTP/1.1 200 OK"
2023-06-06 15:09:54,995 - httpx - INFO - HTTP Request: POST https://api.telegram.org/bot6298282206:AAF10zQKZDYBygGcJ39yjRtsy-jDdYulYYo/getUpdates "HTTP/1.1 200 OK"
2023-06-06 15:10:03,461 - httpx - INFO - HTTP Request: POST https://api.telegram.org/bot6298282206:AAF10zQKZDYBygGcJ39yjRtsy-jDdYulYYo/getUpdates "HTTP/1.1 200 OK"
2023-06-06 15:10:05,036 - httpx - INFO - HTTP Request: POST https://api.telegram.org/bot6298282206:AAF10zQKZDYBygGcJ39yjRtsy-jDdYulYYo/sendMessage "HTTP/1.1 200 OK"
2023-06-06 15:10:23,688 - httpx - INFO - HTTP Request: POST https://api.telegram.org/bot6298282206:AAF10zQKZDYBygGcJ39yjRtsy-jDdYulYYo/getUpdates "HTTP/1.1 200 OK"
2023-06-06 15:10:26,415 - freqtrade.worker - INFO - Bot heartbeat. PID=1, version='2023.5', state='RUNNING'
2023-06-06 15:10:31,712 - httpx - INFO - HTTP Request: POST https://api.telegram.org/bot6298282206:AAF10zQKZDYBygGcJ39yjRtsy-jDdYulYYo/getUpdates "HTTP/1.1 200 OK"
2023-06-06 15:10:32,492 - httpx - INFO - HTTP Request: POST https://api.telegram.org/bot6298282206:AAF10zQKZDYBygGcJ39yjRtsy-jDdYulYYo/sendMessage "HTTP/1.1 200 OK"
2023-06-06 15:10:51,931 - httpx - INFO - HTTP Request: POST https://api.telegram.org/bot6298282206:AAF10zQKZDYBygGcJ39yjRtsy-jDdYulYYo/getUpdates "HTTP/1.1 200 OK"
2023-06-06 15:10:54,724 - httpx - INFO - HTTP Request: POST https://api.telegram.org/bot6298282206:AAF10zQKZDYBygGcJ39yjRtsy-jDdYulYYo/getUpdates "HTTP/1.1 200 OK"
2023-06-06 15:10:56,664 - httpx - INFO - HTTP Request: POST https://api.telegram.org/bot6298282206:AAF10zQKZDYBygGcJ39yjRtsy-jDdYulYYo/sendMessage "HTTP/1.1 200 OK"
2023-06-06 15:11:15,162 - httpx - INFO - HTTP Request: POST https://api.telegram.org/bot6298282206:AAF10zQKZDYBygGcJ39yjRtsy-jDdYulYYo/getUpdates "HTTP/1.1 200 OK"
2023-06-06 15:11:26,454 - freqtrade.worker - INFO - Bot heartbeat. PID=1, version='2023.5', state='RUNNING'
2023-06-06 15:11:35,377 - httpx - INFO - HTTP Request: POST https://api.telegram.org/bot6298282206:AAF10zQKZDYBygGcJ39yjRtsy-jDdYulYYo/getUpdates "HTTP/1.1 200 OK"
2023-06-06 15:11:55,570 - httpx - INFO - HTTP Request: POST https://api.telegram.org/bot6298282206:AAF10zQKZDYBygGcJ39yjRtsy-jDdYulYYo/getUpdates "HTTP/1.1 200 OK"
2023-06-06 15:12:15,793 - httpx - INFO - HTTP Request: POST https://api.telegram.org/bot6298282206:AAF10zQKZDYBygGcJ39yjRtsy-jDdYulYYo/getUpdates "HTTP/1.1 200 OK"
2023-06-06 15:12:26,607 - freqtrade.worker - INFO - Bot heartbeat. PID=1, version='2023.5', state='RUNNING'
2023-06-06 15:12:29,855 - httpx - INFO - HTTP Request: POST https://api.telegram.org/bot6298282206:AAF10zQKZDYBygGcJ39yjRtsy-jDdYulYYo/getUpdates "HTTP/1.1 200 OK"
2023-06-06 15:12:30,635 - httpx - INFO - HTTP Request: POST https://api.telegram.org/bot6298282206:AAF10zQKZDYBygGcJ39yjRtsy-jDdYulYYo/sendMessage "HTTP/1.1 200 OK"
2023-06-06 15:12:50,048 - httpx - INFO - HTTP Request: POST https://api.telegram.org/bot6298282206:AAF10zQKZDYBygGcJ39yjRtsy-jDdYulYYo/getUpdates "HTTP/1.1 200 OK"
2023-06-06 15:13:10,227 - httpx - INFO - HTTP Request: POST https://api.telegram.org/bot6298282206:AAF10zQKZDYBygGcJ39yjRtsy-jDdYulYYo/getUpdates "HTTP/1.1 200 OK"
2023-06-06 15:13:26,636 - freqtrade.worker - INFO - Bot heartbeat. PID=1, version='2023.5', state='RUNNING'
2023-06-06 15:13:30,417 - httpx - INFO - HTTP Request: POST https://api.telegram.org/bot6298282206:AAF10zQKZDYBygGcJ39yjRtsy-jDdYulYYo/getUpdates "HTTP/1.1 200 OK"
2023-06-06 15:13:50,607 - httpx - INFO - HTTP Request: POST https://api.telegram.org/bot6298282206:AAF10zQKZDYBygGcJ39yjRtsy-jDdYulYYo/getUpdates "HTTP/1.1 200 OK"
2023-06-06 15:14:10,792 - httpx - INFO - HTTP Request: POST https://api.telegram.org/bot6298282206:AAF10zQKZDYBygGcJ39yjRtsy-jDdYulYYo/getUpdates "HTTP/1.1 200 OK"
2023-06-06 15:14:27,173 - freqtrade.worker - INFO - Bot heartbeat. PID=1, version='2023.5', state='RUNNING'
2023-06-06 15:14:31,041 - httpx - INFO - HTTP Request: POST https://api.telegram.org/bot6298282206:AAF10zQKZDYBygGcJ39yjRtsy-jDdYulYYo/getUpdates "HTTP/1.1 200 OK"
2023-06-06 15:14:51,226 - httpx - INFO - HTTP Request: POST https://api.telegram.org/bot6298282206:AAF10zQKZDYBygGcJ39yjRtsy-jDdYulYYo/getUpdates "HTTP/1.1 200 OK"
2023-06-06 15:15:11,406 - httpx - INFO - HTTP Request: POST https://api.telegram.org/bot6298282206:AAF10zQKZDYBygGcJ39yjRtsy-jDdYulYYo/getUpdates "HTTP/1.1 200 OK"
2023-06-06 15:15:31,017 - freqtrade.worker - INFO - Bot heartbeat. PID=1, version='2023.5', state='RUNNING'
2023-06-06 15:15:31,673 - httpx - INFO - HTTP Request: POST https://api.telegram.org/bot6298282206:AAF10zQKZDYBygGcJ39yjRtsy-jDdYulYYo/getUpdates "HTTP/1.1 200 OK"
2023-06-06 15:15:51,854 - httpx - INFO - HTTP Request: POST https://api.telegram.org/bot6298282206:AAF10zQKZDYBygGcJ39yjRtsy-jDdYulYYo/getUpdates "HTTP/1.1 200 OK"
2023-06-06 15:16:12,033 - httpx - INFO - HTTP Request: POST https://api.telegram.org/bot6298282206:AAF10zQKZDYBygGcJ39yjRtsy-jDdYulYYo/getUpdates "HTTP/1.1 200 OK"
2023-06-06 15:16:31,053 - freqtrade.worker - INFO - Bot heartbeat. PID=1, version='2023.5', state='RUNNING'
2023-06-06 15:16:32,212 - httpx - INFO - HTTP Request: POST https://api.telegram.org/bot6298282206:AAF10zQKZDYBygGcJ39yjRtsy-jDdYulYYo/getUpdates "HTTP/1.1 200 OK"
2023-06-06 15:16:52,391 - httpx - INFO - HTTP Request: POST https://api.telegram.org/bot6298282206:AAF10zQKZDYBygGcJ39yjRtsy-jDdYulYYo/getUpdates "HTTP/1.1 200 OK"
2023-06-06 15:17:12,579 - httpx - INFO - HTTP Request: POST https://api.telegram.org/bot6298282206:AAF10zQKZDYBygGcJ39yjRtsy-jDdYulYYo/getUpdates "HTTP/1.1 200 OK"
2023-06-06 15:17:31,094 - freqtrade.worker - INFO - Bot heartbeat. PID=1, version='2023.5', state='RUNNING'
2023-06-06 15:17:32,756 - httpx - INFO - HTTP Request: POST https://api.telegram.org/bot6298282206:AAF10zQKZDYBygGcJ39yjRtsy-jDdYulYYo/getUpdates "HTTP/1.1 200 OK"
2023-06-06 15:17:52,931 - httpx - INFO - HTTP Request: POST https://api.telegram.org/bot6298282206:AAF10zQKZDYBygGcJ39yjRtsy-jDdYulYYo/getUpdates "HTTP/1.1 200 OK"
2023-06-06 15:18:13,111 - httpx - INFO - HTTP Request: POST https://api.telegram.org/bot6298282206:AAF10zQKZDYBygGcJ39yjRtsy-jDdYulYYo/getUpdates "HTTP/1.1 200 OK"
2023-06-06 15:18:31,133 - freqtrade.worker - INFO - Bot heartbeat. PID=1, version='2023.5', state='RUNNING'
2023-06-06 15:18:34,124 - httpx - INFO - HTTP Request: POST https://api.telegram.org/bot6298282206:AAF10zQKZDYBygGcJ39yjRtsy-jDdYulYYo/getUpdates "HTTP/1.1 200 OK"
2023-06-06 15:18:54,302 - httpx - INFO - HTTP Request: POST https://api.telegram.org/bot6298282206:AAF10zQKZDYBygGcJ39yjRtsy-jDdYulYYo/getUpdates "HTTP/1.1 200 OK"
2023-06-06 15:19:14,494 - httpx - INFO - HTTP Request: POST https://api.telegram.org/bot6298282206:AAF10zQKZDYBygGcJ39yjRtsy-jDdYulYYo/getUpdates "HTTP/1.1 200 OK"
2023-06-06 15:19:31,167 - freqtrade.worker - INFO - Bot heartbeat. PID=1, version='2023.5', state='RUNNING'
2023-06-06 15:19:34,671 - httpx - INFO - HTTP Request: POST https://api.telegram.org/bot6298282206:AAF10zQKZDYBygGcJ39yjRtsy-jDdYulYYo/getUpdates "HTTP/1.1 200 OK"
2023-06-06 15:19:54,856 - httpx - INFO - HTTP Request: POST https://api.telegram.org/bot6298282206:AAF10zQKZDYBygGcJ39yjRtsy-jDdYulYYo/getUpdates "HTTP/1.1 200 OK"
2023-06-06 15:20:15,034 - httpx - INFO - HTTP Request: POST https://api.telegram.org/bot6298282206:AAF10zQKZDYBygGcJ39yjRtsy-jDdYulYYo/getUpdates "HTTP/1.1 200 OK"
2023-06-06 15:20:35,212 - httpx - INFO - HTTP Request: POST https://api.telegram.org/bot6298282206:AAF10zQKZDYBygGcJ39yjRtsy-jDdYulYYo/getUpdates "HTTP/1.1 200 OK"
2023-06-06 15:20:36,017 - freqtrade.worker - INFO - Bot heartbeat. PID=1, version='2023.5', state='RUNNING'
2023-06-06 15:20:55,393 - httpx - INFO - HTTP Request: POST https://api.telegram.org/bot6298282206:AAF10zQKZDYBygGcJ39yjRtsy-jDdYulYYo/getUpdates "HTTP/1.1 200 OK"
2023-06-06 15:21:15,574 - httpx - INFO - HTTP Request: POST https://api.telegram.org/bot6298282206:AAF10zQKZDYBygGcJ39yjRtsy-jDdYulYYo/getUpdates "HTTP/1.1 200 OK"
2023-06-06 15:21:35,753 - httpx - INFO - HTTP Request: POST https://api.telegram.org/bot6298282206:AAF10zQKZDYBygGcJ39yjRtsy-jDdYulYYo/getUpdates "HTTP/1.1 200 OK"
2023-06-06 15:21:36,055 - freqtrade.worker - INFO - Bot heartbeat. PID=1, version='2023.5', state='RUNNING'
2023-06-06 15:21:55,935 - httpx - INFO - HTTP Request: POST https://api.telegram.org/bot6298282206:AAF10zQKZDYBygGcJ39yjRtsy-jDdYulYYo/getUpdates "HTTP/1.1 200 OK"
2023-06-06 15:22:16,117 - httpx - INFO - HTTP Request: POST https://api.telegram.org/bot6298282206:AAF10zQKZDYBygGcJ39yjRtsy-jDdYulYYo/getUpdates "HTTP/1.1 200 OK"
2023-06-06 15:22:36,091 - freqtrade.worker - INFO - Bot heartbeat. PID=1, version='2023.5', state='RUNNING'
2023-06-06 15:22:36,296 - httpx - INFO - HTTP Request: POST https://api.telegram.org/bot6298282206:AAF10zQKZDYBygGcJ39yjRtsy-jDdYulYYo/getUpdates "HTTP/1.1 200 OK"
2023-06-06 15:22:56,476 - httpx - INFO - HTTP Request: POST https://api.telegram.org/bot6298282206:AAF10zQKZDYBygGcJ39yjRtsy-jDdYulYYo/getUpdates "HTTP/1.1 200 OK"
2023-06-06 15:23:16,654 - httpx - INFO - HTTP Request: POST https://api.telegram.org/bot6298282206:AAF10zQKZDYBygGcJ39yjRtsy-jDdYulYYo/getUpdates "HTTP/1.1 200 OK"
2023-06-06 15:23:36,129 - freqtrade.worker - INFO - Bot heartbeat. PID=1, version='2023.5', state='RUNNING'
2023-06-06 15:23:36,834 - httpx - INFO - HTTP Request: POST https://api.telegram.org/bot6298282206:AAF10zQKZDYBygGcJ39yjRtsy-jDdYulYYo/getUpdates "HTTP/1.1 200 OK"
2023-06-06 15:23:57,025 - httpx - INFO - HTTP Request: POST https://api.telegram.org/bot6298282206:AAF10zQKZDYBygGcJ39yjRtsy-jDdYulYYo/getUpdates "HTTP/1.1 200 OK"
2023-06-06 15:24:17,212 - httpx - INFO - HTTP Request: POST https://api.telegram.org/bot6298282206:AAF10zQKZDYBygGcJ39yjRtsy-jDdYulYYo/getUpdates "HTTP/1.1 200 OK"
2023-06-06 15:24:36,170 - freqtrade.worker - INFO - Bot heartbeat. PID=1, version='2023.5', state='RUNNING'
2023-06-06 15:24:37,435 - httpx - INFO - HTTP Request: POST https://api.telegram.org/bot6298282206:AAF10zQKZDYBygGcJ39yjRtsy-jDdYulYYo/getUpdates "HTTP/1.1 200 OK"
2023-06-06 15:24:57,656 - httpx - INFO - HTTP Request: POST https://api.telegram.org/bot6298282206:AAF10zQKZDYBygGcJ39yjRtsy-jDdYulYYo/getUpdates "HTTP/1.1 200 OK"
2023-06-06 15:25:17,866 - httpx - INFO - HTTP Request: POST https://api.telegram.org/bot6298282206:AAF10zQKZDYBygGcJ39yjRtsy-jDdYulYYo/getUpdates "HTTP/1.1 200 OK"
2023-06-06 15:25:38,045 - httpx - INFO - HTTP Request: POST https://api.telegram.org/bot6298282206:AAF10zQKZDYBygGcJ39yjRtsy-jDdYulYYo/getUpdates "HTTP/1.1 200 OK"
2023-06-06 15:25:41,026 - freqtrade.worker - INFO - Bot heartbeat. PID=1, version='2023.5', state='RUNNING'
2023-06-06 15:25:58,221 - httpx - INFO - HTTP Request: POST https://api.telegram.org/bot6298282206:AAF10zQKZDYBygGcJ39yjRtsy-jDdYulYYo/getUpdates "HTTP/1.1 200 OK"
2023-06-06 15:26:18,397 - httpx - INFO - HTTP Request: POST https://api.telegram.org/bot6298282206:AAF10zQKZDYBygGcJ39yjRtsy-jDdYulYYo/getUpdates "HTTP/1.1 200 OK"
2023-06-06 15:26:38,573 - httpx - INFO - HTTP Request: POST https://api.telegram.org/bot6298282206:AAF10zQKZDYBygGcJ39yjRtsy-jDdYulYYo/getUpdates "HTTP/1.1 200 OK"
2023-06-06 15:26:41,068 - freqtrade.worker - INFO - Bot heartbeat. PID=1, version='2023.5', state='RUNNING'
2023-06-06 15:26:58,759 - httpx - INFO - HTTP Request: POST https://api.telegram.org/bot6298282206:AAF10zQKZDYBygGcJ39yjRtsy-jDdYulYYo/getUpdates "HTTP/1.1 200 OK"
2023-06-06 15:27:18,943 - httpx - INFO - HTTP Request: POST https://api.telegram.org/bot6298282206:AAF10zQKZDYBygGcJ39yjRtsy-jDdYulYYo/getUpdates "HTTP/1.1 200 OK"
2023-06-06 15:27:39,149 - httpx - INFO - HTTP Request: POST https://api.telegram.org/bot6298282206:AAF10zQKZDYBygGcJ39yjRtsy-jDdYulYYo/getUpdates "HTTP/1.1 200 OK"
2023-06-06 15:27:41,101 - freqtrade.worker - INFO - Bot heartbeat. PID=1, version='2023.5', state='RUNNING'
2023-06-06 15:27:59,320 - httpx - INFO - HTTP Request: POST https://api.telegram.org/bot6298282206:AAF10zQKZDYBygGcJ39yjRtsy-jDdYulYYo/getUpdates "HTTP/1.1 200 OK"
2023-06-06 15:28:19,497 - httpx - INFO - HTTP Request: POST https://api.telegram.org/bot6298282206:AAF10zQKZDYBygGcJ39yjRtsy-jDdYulYYo/getUpdates "HTTP/1.1 200 OK"
2023-06-06 15:28:39,667 - httpx - INFO - HTTP Request: POST https://api.telegram.org/bot6298282206:AAF10zQKZDYBygGcJ39yjRtsy-jDdYulYYo/getUpdates "HTTP/1.1 200 OK"
2023-06-06 15:28:41,142 - freqtrade.worker - INFO - Bot heartbeat. PID=1, version='2023.5', state='RUNNING'
2023-06-06 15:28:59,838 - httpx - INFO - HTTP Request: POST https://api.telegram.org/bot6298282206:AAF10zQKZDYBygGcJ39yjRtsy-jDdYulYYo/getUpdates "HTTP/1.1 200 OK"
2023-06-06 15:29:20,020 - httpx - INFO - HTTP Request: POST https://api.telegram.org/bot6298282206:AAF10zQKZDYBygGcJ39yjRtsy-jDdYulYYo/getUpdates "HTTP/1.1 200 OK"
2023-06-06 15:29:40,230 - httpx - INFO - HTTP Request: POST https://api.telegram.org/bot6298282206:AAF10zQKZDYBygGcJ39yjRtsy-jDdYulYYo/getUpdates "HTTP/1.1 200 OK"
2023-06-06 15:29:41,176 - freqtrade.worker - INFO - Bot heartbeat. PID=1, version='2023.5', state='RUNNING'
2023-06-06 15:30:00,406 - httpx - INFO - HTTP Request: POST https://api.telegram.org/bot6298282206:AAF10zQKZDYBygGcJ39yjRtsy-jDdYulYYo/getUpdates "HTTP/1.1 200 OK"
2023-06-06 15:30:20,578 - httpx - INFO - HTTP Request: POST https://api.telegram.org/bot6298282206:AAF10zQKZDYBygGcJ39yjRtsy-jDdYulYYo/getUpdates "HTTP/1.1 200 OK"
2023-06-06 15:30:40,752 - httpx - INFO - HTTP Request: POST https://api.telegram.org/bot6298282206:AAF10zQKZDYBygGcJ39yjRtsy-jDdYulYYo/getUpdates "HTTP/1.1 200 OK"
2023-06-06 15:30:46,026 - freqtrade.worker - INFO - Bot heartbeat. PID=1, version='2023.5', state='RUNNING'
2023-06-06 15:31:00,924 - httpx - INFO - HTTP Request: POST https://api.telegram.org/bot6298282206:AAF10zQKZDYBygGcJ39yjRtsy-jDdYulYYo/getUpdates "HTTP/1.1 200 OK"
2023-06-06 15:31:21,116 - httpx - INFO - HTTP Request: POST https://api.telegram.org/bot6298282206:AAF10zQKZDYBygGcJ39yjRtsy-jDdYulYYo/getUpdates "HTTP/1.1 200 OK"
2023-06-06 15:31:41,287 - httpx - INFO - HTTP Request: POST https://api.telegram.org/bot6298282206:AAF10zQKZDYBygGcJ39yjRtsy-jDdYulYYo/getUpdates "HTTP/1.1 200 OK"
2023-06-06 15:31:46,067 - freqtrade.worker - INFO - Bot heartbeat. PID=1, version='2023.5', state='RUNNING'
2023-06-06 15:32:01,460 - httpx - INFO - HTTP Request: POST https://api.telegram.org/bot6298282206:AAF10zQKZDYBygGcJ39yjRtsy-jDdYulYYo/getUpdates "HTTP/1.1 200 OK"
2023-06-06 15:32:21,632 - httpx - INFO - HTTP Request: POST https://api.telegram.org/bot6298282206:AAF10zQKZDYBygGcJ39yjRtsy-jDdYulYYo/getUpdates "HTTP/1.1 200 OK"
2023-06-06 15:32:41,806 - httpx - INFO - HTTP Request: POST https://api.telegram.org/bot6298282206:AAF10zQKZDYBygGcJ39yjRtsy-jDdYulYYo/getUpdates "HTTP/1.1 200 OK"
2023-06-06 15:32:46,106 - freqtrade.worker - INFO - Bot heartbeat. PID=1, version='2023.5', state='RUNNING'
2023-06-06 15:33:01,979 - httpx - INFO - HTTP Request: POST https://api.telegram.org/bot6298282206:AAF10zQKZDYBygGcJ39yjRtsy-jDdYulYYo/getUpdates "HTTP/1.1 200 OK"
2023-06-06 15:33:22,151 - httpx - INFO - HTTP Request: POST https://api.telegram.org/bot6298282206:AAF10zQKZDYBygGcJ39yjRtsy-jDdYulYYo/getUpdates "HTTP/1.1 200 OK"
2023-06-06 15:33:42,323 - httpx - INFO - HTTP Request: POST https://api.telegram.org/bot6298282206:AAF10zQKZDYBygGcJ39yjRtsy-jDdYulYYo/getUpdates "HTTP/1.1 200 OK"
2023-06-06 15:33:46,145 - freqtrade.worker - INFO - Bot heartbeat. PID=1, version='2023.5', state='RUNNING'
2023-06-06 15:34:02,493 - httpx - INFO - HTTP Request: POST https://api.telegram.org/bot6298282206:AAF10zQKZDYBygGcJ39yjRtsy-jDdYulYYo/getUpdates "HTTP/1.1 200 OK"
2023-06-06 15:34:22,665 - httpx - INFO - HTTP Request: POST https://api.telegram.org/bot6298282206:AAF10zQKZDYBygGcJ39yjRtsy-jDdYulYYo/getUpdates "HTTP/1.1 200 OK"
2023-06-06 15:34:42,837 - httpx - INFO - HTTP Request: POST https://api.telegram.org/bot6298282206:AAF10zQKZDYBygGcJ39yjRtsy-jDdYulYYo/getUpdates "HTTP/1.1 200 OK"
2023-06-06 15:34:46,181 - freqtrade.worker - INFO - Bot heartbeat. PID=1, version='2023.5', state='RUNNING'
2023-06-06 15:35:03,019 - httpx - INFO - HTTP Request: POST https://api.telegram.org/bot6298282206:AAF10zQKZDYBygGcJ39yjRtsy-jDdYulYYo/getUpdates "HTTP/1.1 200 OK"
2023-06-06 15:35:23,218 - httpx - INFO - HTTP Request: POST https://api.telegram.org/bot6298282206:AAF10zQKZDYBygGcJ39yjRtsy-jDdYulYYo/getUpdates "HTTP/1.1 200 OK"
2023-06-06 15:35:43,390 - httpx - INFO - HTTP Request: POST https://api.telegram.org/bot6298282206:AAF10zQKZDYBygGcJ39yjRtsy-jDdYulYYo/getUpdates "HTTP/1.1 200 OK"
2023-06-06 15:35:48,666 - freqtrade.worker - INFO - Bot heartbeat. PID=1, version='2023.5', state='RUNNING'
2023-06-06 15:36:03,576 - httpx - INFO - HTTP Request: POST https://api.telegram.org/bot6298282206:AAF10zQKZDYBygGcJ39yjRtsy-jDdYulYYo/getUpdates "HTTP/1.1 200 OK"
2023-06-06 15:36:23,755 - httpx - INFO - HTTP Request: POST https://api.telegram.org/bot6298282206:AAF10zQKZDYBygGcJ39yjRtsy-jDdYulYYo/getUpdates "HTTP/1.1 200 OK"
2023-06-06 15:36:43,924 - httpx - INFO - HTTP Request: POST https://api.telegram.org/bot6298282206:AAF10zQKZDYBygGcJ39yjRtsy-jDdYulYYo/getUpdates "HTTP/1.1 200 OK"
2023-06-06 15:36:48,702 - freqtrade.worker - INFO - Bot heartbeat. PID=1, version='2023.5', state='RUNNING'
2023-06-06 15:37:04,099 - httpx - INFO - HTTP Request: POST https://api.telegram.org/bot6298282206:AAF10zQKZDYBygGcJ39yjRtsy-jDdYulYYo/getUpdates "HTTP/1.1 200 OK"
2023-06-06 15:37:24,269 - httpx - INFO - HTTP Request: POST https://api.telegram.org/bot6298282206:AAF10zQKZDYBygGcJ39yjRtsy-jDdYulYYo/getUpdates "HTTP/1.1 200 OK"
2023-06-06 15:37:44,439 - httpx - INFO - HTTP Request: POST https://api.telegram.org/bot6298282206:AAF10zQKZDYBygGcJ39yjRtsy-jDdYulYYo/getUpdates "HTTP/1.1 200 OK"
2023-06-06 15:37:48,739 - freqtrade.worker - INFO - Bot heartbeat. PID=1, version='2023.5', state='RUNNING'
2023-06-06 15:38:04,612 - httpx - INFO - HTTP Request: POST https://api.telegram.org/bot6298282206:AAF10zQKZDYBygGcJ39yjRtsy-jDdYulYYo/getUpdates "HTTP/1.1 200 OK"
2023-06-06 15:38:18,422 - AgeFilter - INFO - Validated 25 pairs.
2023-06-06 15:38:18,435 - freqtrade.plugins.pairlistmanager - INFO - Whitelist with 25 pairs: ['BTC/USDT', 'ETH/USDT', 'XRP/USDT', 'BNB/USDT', 'SOL/USDT', 'DOGE/USDT', 'LTC/USDT', 'RNDR/USDT', 'OP/USDT', 'MATIC/USDT', 'MTL/USDT', 'DYDX/USDT', 'SAND/USDT', 'ADA/USDT', 'EUR/USDT', 'CFX/USDT', 'APT/USDT', 'APE/USDT', 'LINA/USDT', 'AVAX/USDT', 'FIL/USDT', 'FTM/USDT', 'LINK/USDT', 'TRX/USDT', 'LDO/USDT']
2023-06-06 15:38:24,781 - httpx - INFO - HTTP Request: POST https://api.telegram.org/bot6298282206:AAF10zQKZDYBygGcJ39yjRtsy-jDdYulYYo/getUpdates "HTTP/1.1 200 OK"
2023-06-06 15:38:44,953 - httpx - INFO - HTTP Request: POST https://api.telegram.org/bot6298282206:AAF10zQKZDYBygGcJ39yjRtsy-jDdYulYYo/getUpdates "HTTP/1.1 200 OK"
2023-06-06 15:38:48,887 - freqtrade.worker - INFO - Bot heartbeat. PID=1, version='2023.5', state='RUNNING'
2023-06-06 15:39:05,127 - httpx - INFO - HTTP Request: POST https://api.telegram.org/bot6298282206:AAF10zQKZDYBygGcJ39yjRtsy-jDdYulYYo/getUpdates "HTTP/1.1 200 OK"
2023-06-06 15:39:25,340 - httpx - INFO - HTTP Request: POST https://api.telegram.org/bot6298282206:AAF10zQKZDYBygGcJ39yjRtsy-jDdYulYYo/getUpdates "HTTP/1.1 200 OK"
2023-06-06 15:39:45,566 - httpx - INFO - HTTP Request: POST https://api.telegram.org/bot6298282206:AAF10zQKZDYBygGcJ39yjRtsy-jDdYulYYo/getUpdates "HTTP/1.1 200 OK"
2023-06-06 15:39:48,923 - freqtrade.worker - INFO - Bot heartbeat. PID=1, version='2023.5', state='RUNNING'
2023-06-06 15:40:05,770 - httpx - INFO - HTTP Request: POST https://api.telegram.org/bot6298282206:AAF10zQKZDYBygGcJ39yjRtsy-jDdYulYYo/getUpdates "HTTP/1.1 200 OK"
2023-06-06 15:40:25,947 - httpx - INFO - HTTP Request: POST https://api.telegram.org/bot6298282206:AAF10zQKZDYBygGcJ39yjRtsy-jDdYulYYo/getUpdates "HTTP/1.1 200 OK"
2023-06-06 15:40:46,121 - httpx - INFO - HTTP Request: POST https://api.telegram.org/bot6298282206:AAF10zQKZDYBygGcJ39yjRtsy-jDdYulYYo/getUpdates "HTTP/1.1 200 OK"
2023-06-06 15:40:51,578 - freqtrade.worker - INFO - Bot heartbeat. PID=1, version='2023.5', state='RUNNING'
2023-06-06 15:41:06,291 - httpx - INFO - HTTP Request: POST https://api.telegram.org/bot6298282206:AAF10zQKZDYBygGcJ39yjRtsy-jDdYulYYo/getUpdates "HTTP/1.1 200 OK"
2023-06-06 15:41:26,852 - httpx - INFO - HTTP Request: POST https://api.telegram.org/bot6298282206:AAF10zQKZDYBygGcJ39yjRtsy-jDdYulYYo/getUpdates "HTTP/1.1 200 OK"
2023-06-06 15:41:47,026 - httpx - INFO - HTTP Request: POST https://api.telegram.org/bot6298282206:AAF10zQKZDYBygGcJ39yjRtsy-jDdYulYYo/getUpdates "HTTP/1.1 200 OK"
2023-06-06 15:41:51,617 - freqtrade.worker - INFO - Bot heartbeat. PID=1, version='2023.5', state='RUNNING'
2023-06-06 15:42:07,196 - httpx - INFO - HTTP Request: POST https://api.telegram.org/bot6298282206:AAF10zQKZDYBygGcJ39yjRtsy-jDdYulYYo/getUpdates "HTTP/1.1 200 OK"
2023-06-06 15:42:27,366 - httpx - INFO - HTTP Request: POST https://api.telegram.org/bot6298282206:AAF10zQKZDYBygGcJ39yjRtsy-jDdYulYYo/getUpdates "HTTP/1.1 200 OK"
2023-06-06 15:42:47,537 - httpx - INFO - HTTP Request: POST https://api.telegram.org/bot6298282206:AAF10zQKZDYBygGcJ39yjRtsy-jDdYulYYo/getUpdates "HTTP/1.1 200 OK"
2023-06-06 15:42:51,653 - freqtrade.worker - INFO - Bot heartbeat. PID=1, version='2023.5', state='RUNNING'
2023-06-06 15:43:07,712 - httpx - INFO - HTTP Request: POST https://api.telegram.org/bot6298282206:AAF10zQKZDYBygGcJ39yjRtsy-jDdYulYYo/getUpdates "HTTP/1.1 200 OK"
2023-06-06 15:43:27,889 - httpx - INFO - HTTP Request: POST https://api.telegram.org/bot6298282206:AAF10zQKZDYBygGcJ39yjRtsy-jDdYulYYo/getUpdates "HTTP/1.1 200 OK"
2023-06-06 15:43:48,064 - httpx - INFO - HTTP Request: POST https://api.telegram.org/bot6298282206:AAF10zQKZDYBygGcJ39yjRtsy-jDdYulYYo/getUpdates "HTTP/1.1 200 OK"
2023-06-06 15:43:51,692 - freqtrade.worker - INFO - Bot heartbeat. PID=1, version='2023.5', state='RUNNING'
2023-06-06 15:44:08,233 - httpx - INFO - HTTP Request: POST https://api.telegram.org/bot6298282206:AAF10zQKZDYBygGcJ39yjRtsy-jDdYulYYo/getUpdates "HTTP/1.1 200 OK"
2023-06-06 15:44:28,404 - httpx - INFO - HTTP Request: POST https://api.telegram.org/bot6298282206:AAF10zQKZDYBygGcJ39yjRtsy-jDdYulYYo/getUpdates "HTTP/1.1 200 OK"
2023-06-06 15:44:48,576 - httpx - INFO - HTTP Request: POST https://api.telegram.org/bot6298282206:AAF10zQKZDYBygGcJ39yjRtsy-jDdYulYYo/getUpdates "HTTP/1.1 200 OK"
2023-06-06 15:44:51,730 - freqtrade.worker - INFO - Bot heartbeat. PID=1, version='2023.5', state='RUNNING'
2023-06-06 15:45:08,747 - httpx - INFO - HTTP Request: POST https://api.telegram.org/bot6298282206:AAF10zQKZDYBygGcJ39yjRtsy-jDdYulYYo/getUpdates "HTTP/1.1 200 OK"
2023-06-06 15:45:28,918 - httpx - INFO - HTTP Request: POST https://api.telegram.org/bot6298282206:AAF10zQKZDYBygGcJ39yjRtsy-jDdYulYYo/getUpdates "HTTP/1.1 200 OK"
2023-06-06 15:45:49,088 - httpx - INFO - HTTP Request: POST https://api.telegram.org/bot6298282206:AAF10zQKZDYBygGcJ39yjRtsy-jDdYulYYo/getUpdates "HTTP/1.1 200 OK"
2023-06-06 15:45:52,519 - freqtrade.worker - INFO - Bot heartbeat. PID=1, version='2023.5', state='RUNNING'
2023-06-06 15:46:09,259 - httpx - INFO - HTTP Request: POST https://api.telegram.org/bot6298282206:AAF10zQKZDYBygGcJ39yjRtsy-jDdYulYYo/getUpdates "HTTP/1.1 200 OK"
2023-06-06 15:46:29,432 - httpx - INFO - HTTP Request: POST https://api.telegram.org/bot6298282206:AAF10zQKZDYBygGcJ39yjRtsy-jDdYulYYo/getUpdates "HTTP/1.1 200 OK"
2023-06-06 15:46:49,602 - httpx - INFO - HTTP Request: POST https://api.telegram.org/bot6298282206:AAF10zQKZDYBygGcJ39yjRtsy-jDdYulYYo/getUpdates "HTTP/1.1 200 OK"
2023-06-06 15:46:52,555 - freqtrade.worker - INFO - Bot heartbeat. PID=1, version='2023.5', state='RUNNING'
2023-06-06 15:47:09,773 - httpx - INFO - HTTP Request: POST https://api.telegram.org/bot6298282206:AAF10zQKZDYBygGcJ39yjRtsy-jDdYulYYo/getUpdates "HTTP/1.1 200 OK"
2023-06-06 15:47:29,945 - httpx - INFO - HTTP Request: POST https://api.telegram.org/bot6298282206:AAF10zQKZDYBygGcJ39yjRtsy-jDdYulYYo/getUpdates "HTTP/1.1 200 OK"
2023-06-06 15:47:50,119 - httpx - INFO - HTTP Request: POST https://api.telegram.org/bot6298282206:AAF10zQKZDYBygGcJ39yjRtsy-jDdYulYYo/getUpdates "HTTP/1.1 200 OK"
2023-06-06 15:47:52,586 - freqtrade.worker - INFO - Bot heartbeat. PID=1, version='2023.5', state='RUNNING'
2023-06-06 15:48:10,289 - httpx - INFO - HTTP Request: POST https://api.telegram.org/bot6298282206:AAF10zQKZDYBygGcJ39yjRtsy-jDdYulYYo/getUpdates "HTTP/1.1 200 OK"
2023-06-06 15:48:30,459 - httpx - INFO - HTTP Request: POST https://api.telegram.org/bot6298282206:AAF10zQKZDYBygGcJ39yjRtsy-jDdYulYYo/getUpdates "HTTP/1.1 200 OK"
2023-06-06 15:48:50,630 - httpx - INFO - HTTP Request: POST https://api.telegram.org/bot6298282206:AAF10zQKZDYBygGcJ39yjRtsy-jDdYulYYo/getUpdates "HTTP/1.1 200 OK"
2023-06-06 15:48:52,622 - freqtrade.worker - INFO - Bot heartbeat. PID=1, version='2023.5', state='RUNNING'
2023-06-06 15:49:10,800 - httpx - INFO - HTTP Request: POST https://api.telegram.org/bot6298282206:AAF10zQKZDYBygGcJ39yjRtsy-jDdYulYYo/getUpdates "HTTP/1.1 200 OK"
2023-06-06 15:49:30,973 - httpx - INFO - HTTP Request: POST https://api.telegram.org/bot6298282206:AAF10zQKZDYBygGcJ39yjRtsy-jDdYulYYo/getUpdates "HTTP/1.1 200 OK"
2023-06-06 15:49:51,148 - httpx - INFO - HTTP Request: POST https://api.telegram.org/bot6298282206:AAF10zQKZDYBygGcJ39yjRtsy-jDdYulYYo/getUpdates "HTTP/1.1 200 OK"
2023-06-06 15:49:52,662 - freqtrade.worker - INFO - Bot heartbeat. PID=1, version='2023.5', state='RUNNING'
2023-06-06 15:50:11,318 - httpx - INFO - HTTP Request: POST https://api.telegram.org/bot6298282206:AAF10zQKZDYBygGcJ39yjRtsy-jDdYulYYo/getUpdates "HTTP/1.1 200 OK"
2023-06-06 15:50:26,973 - freqtrade.commands.trade_commands - INFO - SIGINT received, aborting ...
2023-06-06 15:50:26,977 - freqtrade.commands.trade_commands - INFO - worker found ... calling exit
2023-06-06 15:50:26,979 - freqtrade.rpc.rpc_manager - INFO - Sending rpc message: {'type': status, 'status': 'process died'}
2023-06-06 15:50:26,981 - freqtrade.freqtradebot - INFO - Cleaning up modules ...
2023-06-06 15:50:26,988 - freqtrade.rpc.rpc_manager - INFO - Cleaning up rpc modules ...
2023-06-06 15:50:26,991 - freqtrade.rpc.rpc_manager - INFO - Cleaning up rpc.telegram ...
2023-06-06 15:50:27,000 - telegram.ext.Application - INFO - Application is stopping. This might take a moment.
2023-06-06 15:50:27,003 - telegram.ext.Application - INFO - Application.stop() complete
2023-06-06 15:50:27,746 - httpx - INFO - HTTP Request: POST https://api.telegram.org/bot6298282206:AAF10zQKZDYBygGcJ39yjRtsy-jDdYulYYo/sendMessage "HTTP/1.1 200 OK"
